============================= test session starts =============================
platform win32 -- Python 3.14.2, pytest-9.0.3, pluggy-1.6.0 -- D:\PilotStd\pilotstd_env\Scripts\python.exe
cachedir: .pytest_cache
PyQt6 6.11.0 -- Qt runtime 6.11.0 -- Qt compiled 6.11.0
rootdir: D:\PilotStd
configfile: pyproject.toml
plugins: anyio-4.13.0, locust-2.44.4, cov-7.1.0, qt-4.2.0, timeout-2.4.0, xdist-3.8.0
timeout: 15.0s
timeout method: thread
timeout func_only: False
collecting ... collected 428 items

tests/gui/test_actions_flow_engine.py::TestGetToolbarButtonKeys::test_returns_8_keys PASSED [  0%]
tests/gui/test_actions_flow_engine.py::TestGetToolbarButtonKeys::test_all_start_with_btn PASSED [  0%]
tests/gui/test_actions_flow_engine.py::TestGetToolbarButtonKeys::test_contains_expected_keys PASSED [  0%]
tests/gui/test_actions_flow_engine.py::TestGetToolbarButtonKeys::test_returns_tuple PASSED [  0%]
tests/gui/test_actions_flow_engine.py::TestIsUpdateThrottled::test_int_timestamp_within_24h PASSED [  1%]
tests/gui/test_actions_flow_engine.py::TestIsUpdateThrottled::test_float_timestamp_within_24h PASSED [  1%]
tests/gui/test_actions_flow_engine.py::TestIsUpdateThrottled::test_old_timestamp_outside_24h PASSED [  1%]
tests/gui/test_actions_flow_engine.py::TestIsUpdateThrottled::test_int_zero PASSED [  1%]
tests/gui/test_actions_flow_engine.py::TestIsUpdateThrottled::test_non_numeric_type PASSED [  2%]
tests/gui/test_actions_flow_engine.py::TestIsUpdateThrottled::test_none PASSED [  2%]
tests/gui/test_actions_flow_engine.py::TestIsUpdateThrottled::test_negative_timestamp PASSED [  2%]
tests/gui/test_actions_flow_engine.py::TestIsUpdateThrottled::test_exactly_24h PASSED [  2%]
tests/gui/test_actions_flow_engine.py::TestIsFrozen::test_not_frozen_by_default PASSED [  3%]
tests/gui/test_actions_flow_engine.py::TestIsFrozen::test_frozen_when_true PASSED [  3%]
tests/gui/test_announce_flow_engine.py::TestParseAnnouncement::test_normal_input PASSED [  3%]
tests/gui/test_announce_flow_engine.py::TestParseAnnouncement::test_alternate_field_names PASSED [  3%]
tests/gui/test_announce_flow_engine.py::TestParseAnnouncement::test_missing_fields_get_defaults PASSED [  3%]
tests/gui/test_announce_flow_engine.py::TestParseAnnouncement::test_none_input PASSED [  4%]
tests/gui/test_announce_flow_engine.py::TestParseAnnouncement::test_empty_dict PASSED [  4%]
tests/gui/test_announce_flow_engine.py::TestParseAnnouncement::test_not_a_dict PASSED [  4%]
tests/gui/test_announce_flow_engine.py::TestParseAnnouncement::test_standard_count_type_error PASSED [  4%]
tests/gui/test_announce_flow_engine.py::TestParseAnnouncement::test_standard_count_string_int PASSED [  5%]
tests/gui/test_announce_flow_engine.py::TestFilterByStatus::test_empty_list PASSED [  5%]
tests/gui/test_announce_flow_engine.py::TestFilterByStatus::test_all_match PASSED [  5%]
tests/gui/test_announce_flow_engine.py::TestFilterByStatus::test_none_match PASSED [  5%]
tests/gui/test_announce_flow_engine.py::TestFilterByStatus::test_mixed_status PASSED [  6%]
tests/gui/test_announce_flow_engine.py::TestFilterByStatus::test_effect_status_field PASSED [  6%]
tests/gui/test_announce_flow_engine.py::TestFilterByStatus::test_empty_status_arg PASSED [  6%]
tests/gui/test_announce_flow_engine.py::TestSortByDate::test_empty_list PASSED [  6%]
tests/gui/test_announce_flow_engine.py::TestSortByDate::test_descending_order PASSED [  7%]
tests/gui/test_announce_flow_engine.py::TestSortByDate::test_ascending_order PASSED [  7%]
tests/gui/test_announce_flow_engine.py::TestSortByDate::test_same_date_preserves_order PASSED [  7%]
tests/gui/test_announce_flow_engine.py::TestSortByDate::test_notice_date_fallback PASSED [  7%]
tests/gui/test_announce_flow_engine.py::TestSortByDate::test_missing_date_goes_last PASSED [  7%]
tests/gui/test_archive_flow_engine.py::TestDetermineStatusLabel::test_replaced PASSED [  8%]
tests/gui/test_archive_flow_engine.py::TestDetermineStatusLabel::test_abolished PASSED [  8%]
tests/gui/test_archive_flow_engine.py::TestDetermineStatusLabel::test_abolished_variant PASSED [  8%]
tests/gui/test_archive_flow_engine.py::TestDetermineStatusLabel::test_cancelled PASSED [  8%]
tests/gui/test_archive_flow_engine.py::TestDetermineStatusLabel::test_current PASSED [  9%]
tests/gui/test_archive_flow_engine.py::TestDetermineStatusLabel::test_about_to_implement PASSED [  9%]
tests/gui/test_archive_flow_engine.py::TestDetermineStatusLabel::test_empty_string PASSED [  9%]
tests/gui/test_archive_flow_engine.py::TestDetectFileConflicts::test_empty_list PASSED [  9%]
tests/gui/test_archive_flow_engine.py::TestDetectFileConflicts::test_no_source_path PASSED [ 10%]
tests/gui/test_archive_flow_engine.py::TestDetectFileConflicts::test_source_file_not_exist PASSED [ 10%]
tests/gui/test_archive_flow_engine.py::TestDetectFileConflicts::test_target_is_none PASSED [ 10%]
tests/gui/test_archive_flow_engine.py::TestDetectFileConflicts::test_target_not_exist PASSED [ 10%]
tests/gui/test_archive_flow_engine.py::TestDetectFileConflicts::test_detects_conflict PASSED [ 10%]
tests/gui/test_archive_flow_engine.py::TestDetectFileConflicts::test_mixed PASSED [ 11%]
tests/gui/test_archive_flow_engine.py::TestFormatConflictMessage::test_empty PASSED [ 11%]
tests/gui/test_archive_flow_engine.py::TestFormatConflictMessage::test_under_5 PASSED [ 11%]
tests/gui/test_archive_flow_engine.py::TestFormatConflictMessage::test_over_5 PASSED [ 11%]
tests/gui/test_archive_flow_engine.py::TestFilterByAction::test_empty PASSED [ 12%]
tests/gui/test_archive_flow_engine.py::TestFilterByAction::test_exact_match PASSED [ 12%]
tests/gui/test_archive_flow_engine.py::TestFilterByAction::test_no_match PASSED [ 12%]
tests/gui/test_archive_flow_engine.py::TestFilterByAction::test_default_empty_string PASSED [ 12%]
tests/gui/test_archive_flow_engine.py::TestCountArchiveResults::test_empty PASSED [ 13%]
tests/gui/test_archive_flow_engine.py::TestCountArchiveResults::test_all_saved PASSED [ 13%]
tests/gui/test_archive_flow_engine.py::TestCountArchiveResults::test_all_skipped PASSED [ 13%]
tests/gui/test_archive_flow_engine.py::TestCountArchiveResults::test_mixed PASSED [ 13%]
tests/gui/test_archive_flow_engine.py::TestFindMissingNames::test_empty PASSED [ 14%]
tests/gui/test_archive_flow_engine.py::TestFindMissingNames::test_all_have_names PASSED [ 14%]
tests/gui/test_archive_flow_engine.py::TestFindMissingNames::test_some_missing PASSED [ 14%]
tests/gui/test_archive_flow_engine.py::TestFindMissingNames::test_all_missing PASSED [ 14%]
tests/gui/test_archive_flow_engine.py::TestFormatSkipDetails::test_empty_results PASSED [ 14%]
tests/gui/test_archive_flow_engine.py::TestFormatSkipDetails::test_all_archived PASSED [ 15%]
tests/gui/test_archive_flow_engine.py::TestFormatSkipDetails::test_skipped_items PASSED [ 15%]
tests/gui/test_archive_flow_engine.py::TestFormatSkipDetails::test_idx_out_of_range PASSED [ 15%]
tests/gui/test_archive_flow_engine.py::TestFormatSkipDetails::test_no_source_or_raw PASSED [ 15%]
tests/gui/test_archive_flow_engine.py::TestGetLibraryRoot::test_returns_string PASSED [ 16%]
tests/gui/test_archive_worker.py::test_archive_worker_checkpoint_skips_completed PASSED [ 16%]
tests/gui/test_archive_worker.py::test_archive_worker_moves_new_files PASSED [ 16%]
tests/gui/test_auto_flow_engine.py::TestAutoFlowEngine::test_empty_results PASSED [ 16%]
tests/gui/test_auto_flow_engine.py::TestAutoFlowEngine::test_all_found_valid PASSED [ 17%]
tests/gui/test_auto_flow_engine.py::TestAutoFlowEngine::test_not_found_detected PASSED [ 17%]
tests/gui/test_auto_flow_engine.py::TestAutoFlowEngine::test_expired_detected PASSED [ 17%]
tests/gui/test_auto_flow_engine.py::TestAutoFlowEngine::test_adopted_detected PASSED [ 17%]
tests/gui/test_auto_flow_engine.py::TestAutoFlowEngine::test_mixed_results PASSED [ 17%]
tests/gui/test_auto_flow_engine.py::TestAutoFlowEngine::test_none_results_handled PASSED [ 18%]
tests/gui/test_auto_pipeline.py::test_auto_pipeline_full_flow PASSED     [ 18%]
tests/gui/test_auto_pipeline.py::test_auto_pipeline_empty_source PASSED  [ 18%]
tests/gui/test_cleanup_flow_engine.py::TestConstants::test_default_exclude_patterns PASSED [ 18%]
tests/gui/test_cleanup_flow_engine.py::TestConstants::test_default_expire_folder PASSED [ 19%]
tests/gui/test_cleanup_flow_engine.py::TestConstants::test_max_depth PASSED [ 19%]
tests/gui/test_cleanup_flow_engine.py::TestScanEmptyDirs::test_empty_dirs PASSED [ 19%]
tests/gui/test_cleanup_flow_engine.py::TestScanEmptyDirs::test_expire_only PASSED [ 19%]
tests/gui/test_cleanup_flow_engine.py::TestScanEmptyDirs::test_expire_only_with_garbage PASSED [ 20%]
tests/gui/test_cleanup_flow_engine.py::TestScanEmptyDirs::test_empty_after_exclusion PASSED [ 20%]
tests/gui/test_cleanup_flow_engine.py::TestScanEmptyDirs::test_custom_expire_name PASSED [ 20%]
tests/gui/test_cleanup_flow_engine.py::TestScanEmptyDirs::test_custom_exclude_patterns PASSED [ 20%]
tests/gui/test_cleanup_flow_engine.py::TestScanEmptyDirs::test_empty_tree PASSED [ 21%]
tests/gui/test_cleanup_flow_engine.py::TestScanEmptyDirs::test_none_tree PASSED [ 21%]
tests/gui/test_cleanup_flow_engine.py::TestScanEmptyDirs::test_non_dict_tree PASSED [ 21%]
tests/gui/test_cleanup_flow_engine.py::TestScanEmptyDirs::test_children_not_list PASSED [ 21%]
tests/gui/test_cleanup_flow_engine.py::TestScanEmptyDirs::test_two_children_not_expire PASSED [ 21%]
tests/gui/test_cleanup_flow_engine.py::TestScanEmptyDirs::test_deep_paths PASSED [ 22%]
tests/gui/test_cleanup_flow_engine.py::TestScanEmptyDirs::test_multiple_expire_only PASSED [ 22%]
tests/gui/test_cleanup_flow_engine.py::TestBuildUnrecognizedTree::test_normal PASSED [ 22%]
tests/gui/test_cleanup_flow_engine.py::TestBuildUnrecognizedTree::test_empty_list PASSED [ 22%]
tests/gui/test_cleanup_flow_engine.py::TestBuildUnrecognizedTree::test_single_file PASSED [ 23%]
tests/gui/test_cleanup_flow_engine.py::TestBuildUnrecognizedTree::test_no_extension PASSED [ 23%]
tests/gui/test_cleanup_flow_engine.py::TestBuildUnrecognizedTree::test_mixed_case_extension PASSED [ 23%]
tests/gui/test_cleanup_flow_engine.py::TestBuildUnrecognizedTree::test_known_extensions_filtered PASSED [ 23%]
tests/gui/test_cleanup_flow_engine.py::TestBuildUnrecognizedTree::test_all_known_extensions PASSED [ 24%]
tests/gui/test_cleanup_flow_engine.py::TestBuildUnrecognizedTree::test_none_files PASSED [ 24%]
tests/gui/test_cleanup_flow_engine.py::TestBuildUnrecognizedTree::test_non_list_files PASSED [ 24%]
tests/gui/test_cleanup_flow_engine.py::TestBuildUnrecognizedTree::test_non_str_items_skipped PASSED [ 24%]
tests/gui/test_cleanup_flow_engine.py::TestBuildUnrecognizedTree::test_result_is_sorted_by_key PASSED [ 25%]
tests/gui/test_cleanup_flow_engine.py::TestBuildUnrecognizedTree::test_windows_paths PASSED [ 25%]
tests/gui/test_context_menu.py::test_work_table_has_context_menu_policy PASSED [ 25%]
tests/gui/test_context_menu.py::test_work_table_context_menu_triggered PASSED [ 25%]
tests/gui/test_context_menu.py::test_toggleable_cols_exist PASSED        [ 25%]
tests/gui/test_context_menu.py::test_column_visibility_toggle PASSED     [ 26%]
tests/gui/test_context_menu.py::test_file_tree_context_menu_has_import PASSED [ 26%]
tests/gui/test_context_menu_signals.py::TestContextMenuPopups::test_file_tree_context_menu_signal_emitted PASSED [ 26%]
tests/gui/test_context_menu_signals.py::TestContextMenuPopups::test_table_header_context_menu_signal_emitted PASSED [ 26%]
tests/gui/test_context_menu_signals.py::TestContextMenuPopups::test_work_table_context_menu_signal_emitted PASSED [ 27%]
tests/gui/test_context_menu_signals.py::TestContextMenuContent::test_file_tree_context_menu_has_import PASSED [ 27%]
tests/gui/test_context_menu_signals.py::TestContextMenuContent::test_work_table_context_menu_items_exist PASSED [ 27%]
tests/gui/test_coverage_actions.py::TestInitManager::test_init_manager_already_done PASSED [ 27%]
tests/gui/test_coverage_actions.py::TestSwitchToStage::test_switch_to_stage_not_ready PASSED [ 28%]
tests/gui/test_coverage_actions.py::TestSwitchToStage::test_switch_to_stage_ready PASSED [ 28%]
tests/gui/test_coverage_actions.py::TestUpdateButtons::test_update_button_states_not_ready PASSED [ 28%]
tests/gui/test_coverage_actions.py::TestTaskCenter::test_on_task_center_not_ready PASSED [ 28%]
tests/gui/test_coverage_actions.py::TestUpdateFlow::test_prompt_restart_no PASSED [ 28%]
tests/gui/test_coverage_actions.py::TestUpdateFlow::test_confirm_update_available_no_newer PASSED [ 29%]
tests/gui/test_coverage_actions.py::TestUpdateFlow::test_confirm_update_available_user_accepts PASSED [ 29%]
tests/gui/test_coverage_actions.py::TestUpdateFlow::test_download_update_file PASSED [ 29%]
tests/gui/test_coverage_actions.py::TestUpdateFlow::test_prompt_restart_ok_button PASSED [ 29%]
tests/gui/test_coverage_actions.py::TestUpdateFlow::test_on_check_update_throttled PASSED [ 30%]
tests/gui/test_coverage_actions.py::TestUpdateFlow::test_on_check_update_api_none PASSED [ 30%]
tests/gui/test_coverage_actions.py::TestUpdateFlow::test_on_check_update_exception PASSED [ 30%]
tests/gui/test_coverage_dialogs.py::test_question_dlg_not_suppressed PASSED [ 30%]
tests/gui/test_coverage_dialogs.py::test_stage_prereq_dialog_not_suppressed PASSED [ 31%]
tests/gui/test_coverage_dialogs.py::test_show_stage_dialog_not_suppressed_no_action PASSED [ 31%]
tests/gui/test_coverage_dialogs.py::test_show_stage_dialog_not_suppressed_with_action PASSED [ 31%]
tests/gui/test_coverage_dialogs.py::test_register_task_failure PASSED    [ 31%]
tests/gui/test_coverage_dialogs.py::test_push_zero_total PASSED          [ 32%]
tests/gui/test_coverage_export.py::TestExportFileList::test_export_file_list_no_selection PASSED [ 32%]
tests/gui/test_coverage_export.py::TestExportFileList::test_export_file_list_ok PASSED [ 32%]
tests/gui/test_coverage_export.py::TestExportFolderTree::test_export_folder_tree PASSED [ 32%]
tests/gui/test_coverage_export.py::TestExportFolderTree::test_collect_folder_tree_max_depth PASSED [ 32%]
tests/gui/test_coverage_export.py::TestExportFolderTree::test_collect_folder_tree_permission_error PASSED [ 33%]
tests/gui/test_coverage_export.py::TestExportDiag::test_export_diag PASSED [ 33%]
tests/gui/test_coverage_export.py::TestExportDiag::test_export_diag_cancelled PASSED [ 33%]
tests/gui/test_coverage_filetree.py::TestDrivesReady::test_drives_ready_sip_deleted PASSED [ 33%]
tests/gui/test_coverage_filetree.py::TestDrivesReady::test_drives_ready_no_this_pc PASSED [ 34%]
tests/gui/test_coverage_filetree.py::TestPopulateChildren::test_normal PASSED [ 34%]
tests/gui/test_coverage_filetree.py::TestPopulateChildren::test_over_max PASSED [ 34%]
tests/gui/test_coverage_filetree.py::TestPopulateChildren::test_empty_dir PASSED [ 34%]
tests/gui/test_coverage_filetree.py::TestPopulateChildren::test_invalid_path PASSED [ 35%]
tests/gui/test_coverage_filetree.py::TestPopulateChildren::test_permission_error PASSED [ 35%]
tests/gui/test_coverage_filetree.py::TestTreeItemExpanded::test_with_fake_child PASSED [ 35%]
tests/gui/test_coverage_filetree.py::TestTreeItemExpanded::test_no_children PASSED [ 35%]
tests/gui/test_coverage_filetree.py::TestContextMenu::test_no_item PASSED [ 35%]
tests/gui/test_coverage_filetree.py::TestContextMenu::test_path_not_exist PASSED [ 36%]
tests/gui/test_coverage_filetree.py::TestRetranslate::test_retranslate PASSED [ 36%]
tests/gui/test_coverage_filetree.py::TestNavigate::test_not_exist PASSED [ 36%]
tests/gui/test_coverage_filetree.py::TestNavigate::test_top_level PASSED [ 36%]
tests/gui/test_coverage_final.py::TestDelegateRemaining::test_start_auto_pipeline_guard PASSED [ 37%]
tests/gui/test_coverage_final.py::TestDialogRemaining::test_stage_prereq_dialog_cancel_branch PASSED [ 37%]
tests/gui/test_coverage_final.py::TestDownloadRemaining::test_check_download_queue_more_than_5 PASSED [ 37%]
tests/gui/test_coverage_final.py::TestThemeRemaining::test_load_qt_translator_load_fails PASSED [ 37%]
tests/gui/test_coverage_final.py::TestMainWindowRemaining::test_add_row_from_dict_translated_col_fallback PASSED [ 38%]
tests/gui/test_coverage_final.py::TestExportRemaining::test_export_file_list_oserror_handling PASSED [ 38%]
tests/gui/test_coverage_final.py::TestExportRemaining::test_export_file_list_no_path_fallback PASSED [ 38%]
tests/gui/test_coverage_final.py::TestExportRemaining::test_collect_folder_tree_dotfiles_skip PASSED [ 38%]
tests/gui/test_coverage_final.py::TestFileTreeRemaining::test_populate_children_oserror PASSED [ 39%]
tests/gui/test_coverage_final.py::TestFileTreeRemaining::test_populate_children_hidden_skip PASSED [ 39%]
tests/gui/test_coverage_final.py::TestFileTreeRemaining::test_populate_children_pdf_icon PASSED [ 39%]
tests/gui/test_coverage_final.py::TestFileTreeRemaining::test_context_menu_import_action PASSED [ 39%]
tests/gui/test_coverage_final.py::TestFileTreeRemaining::test_navigate_to_ancestor PASSED [ 39%]
tests/gui/test_coverage_final.py::TestFileTreeRemaining::test_retranslate_file_tree_nodes_updated PASSED [ 40%]
tests/gui/test_coverage_final.py::TestTableRemaining::test_on_header_context_menu_restore_width PASSED [ 40%]
tests/gui/test_coverage_final.py::TestTableRemaining::test_on_save_result_txt_format PASSED [ 40%]
tests/gui/test_coverage_final.py::TestTableRemaining::test_on_save_result_oserror_file_write PASSED [ 40%]
tests/gui/test_coverage_final.py::TestTableRemaining::test_on_save_result_oserror PASSED [ 41%]
tests/gui/test_coverage_final2.py::TestExportFinal::test_export_folder_tree_no_path PASSED [ 41%]
tests/gui/test_coverage_final2.py::TestExportFinal::test_export_folder_tree_no_dir PASSED [ 41%]
tests/gui/test_coverage_final2.py::TestExportFinal::test_export_folder_tree_cancel PASSED [ 41%]
tests/gui/test_coverage_final2.py::TestExportFinal::test_collect_folder_tree_isdir_error PASSED [ 42%]
tests/gui/test_coverage_final2.py::TestDialogFinal::test_stage_prereq_dialog_cancel PASSED [ 42%]
tests/gui/test_coverage_final2.py::TestThemeFinal::test_retranslate_ui_paused PASSED [ 42%]
tests/gui/test_coverage_final2.py::TestDelegateFinal::test_start_auto_pipeline_guard PASSED [ 42%]
tests/gui/test_coverage_final2.py::TestFileTreeFinal::test_drives_ready_sip_deleted PASSED [ 42%]
tests/gui/test_coverage_final2.py::TestFileTreeFinal::test_populate_children_pdf_icon PASSED [ 43%]
tests/gui/test_coverage_final2.py::TestFileTreeFinal::test_file_tree_context_menu_import PASSED [ 43%]
tests/gui/test_coverage_final2.py::TestFileTreeFinal::test_navigate_to_basic PASSED [ 43%]
tests/gui/test_coverage_final2.py::TestInitFinal::test_stop_workers_runtime_error PASSED [ 43%]
tests/gui/test_coverage_final2.py::TestInitFinal::test_add_row_from_dict_translated_col PASSED [ 44%]
tests/gui/test_coverage_guards.py::TestDelegateOpsGuards::test_require_core_returns_false_when_core_is_none PASSED [ 44%]
tests/gui/test_coverage_guards.py::TestDelegateOpsGuards::test_on_check_announcements_guard PASSED [ 44%]
tests/gui/test_coverage_guards.py::TestDelegateOpsGuards::test_on_download_guard 