============================= test session starts =============================
platform win32 -- Python 3.14.2, pytest-9.0.3, pluggy-1.6.0 -- D:\PilotStd\pilotstd_env\Scripts\python.exe
cachedir: .pytest_cache
PyQt6 6.11.0 -- Qt runtime 6.11.0 -- Qt compiled 6.11.0
rootdir: D:\PilotStd
configfile: pyproject.toml
plugins: anyio-4.13.0, locust-2.44.4, cov-7.1.0, qt-4.2.0, timeout-2.4.0, xdist-3.8.0
timeout: 30.0s
timeout method: thread
timeout func_only: False
collecting ... D:\PilotStd\tests\test_ci_scan_fix.py:35: PytestCollectionWarning: cannot collect test class 'TestMainWindow' because it has a __init__ constructor (from: tests/test_ci_scan_fix.py)
  class TestMainWindow(QMainWindow):
collected 1772 items

tests/test_announce_engine.py::TestAnnounceEngine::test_adapters_property PASSED [  0%]
tests/test_announce_engine.py::TestAnnounceEngine::test_check_all_empty PASSED [  0%]
tests/test_announce_engine.py::TestAnnounceEngine::test_check_all_with_mock_executor PASSED [  0%]
tests/test_announce_engine.py::TestAnnounceEngine::test_check_one_adapter_exception_fallback PASSED [  0%]
tests/test_core.py::TestConfigManager::test_corrupted_config_backup PASSED [  0%]
tests/test_core.py::TestConfigManager::test_get_default PASSED           [  0%]
tests/test_core.py::TestConfigManager::test_persistence PASSED           [  0%]
tests/test_core.py::TestConfigManager::test_populate_defaults PASSED     [  0%]
tests/test_core.py::TestConfigManager::test_reset_all PASSED             [  0%]
tests/test_core.py::TestConfigManager::test_reset_key PASSED             [  0%]
tests/test_core.py::TestConfigManager::test_set_and_get_nested PASSED    [  0%]
tests/test_core.py::TestConfigManager::test_set_and_get_simple PASSED    [  0%]
tests/test_core.py::TestFileUtils::test_ensure_dir PASSED                [  0%]
tests/test_core.py::TestFileUtils::test_make_standard_filename PASSED    [  0%]
tests/test_core.py::TestFileUtils::test_make_standard_filename_with_part PASSED [  0%]
tests/test_core.py::TestFileUtils::test_safe_code_for_filename PASSED    [  0%]
tests/test_core.py::TestFileUtils::test_safe_move_and_copy PASSED        [  0%]
tests/test_core.py::TestFileUtils::test_sanitize_filename_removes_forbidden PASSED [  1%]
tests/test_core.py::TestFileUtils::test_truncate_path_long_path PASSED   [  1%]
tests/test_core.py::TestFileUtils::test_truncate_path_short_path PASSED  [  1%]
tests/test_core.py::TestDatabase::test_backup_creates_consistent_snapshot PASSED [  1%]
tests/test_core.py::TestDatabase::test_checksum_empty_skips_verification PASSED [  1%]
tests/test_core.py::TestDatabase::test_checksum_mismatch_auto_heals PASSED [  1%]
tests/test_core.py::TestDatabase::test_checksum_real_change_raises PASSED [  1%]
tests/test_core.py::TestDatabase::test_execute_create PASSED             [  1%]
tests/test_core.py::TestDatabase::test_executemany PASSED                [  1%]
tests/test_core.py::TestDatabase::test_fetchall_empty PASSED             [  1%]
tests/test_core.py::TestDatabase::test_full_migration_chain PASSED       [  1%]
tests/test_core.py::TestDatabase::test_insert_and_fetch PASSED           [  1%]
tests/test_core.py::TestDatabase::test_migration_lock_acquire_and_release PASSED [  1%]
tests/test_core.py::TestDatabase::test_migration_lock_blocks_second_acquirer PASSED [  1%]
tests/test_core.py::TestDatabase::test_migration_lock_stale_cleanup PASSED [  1%]
tests/test_core.py::TestDatabase::test_migration_runs_pending PASSED     [  1%]
tests/test_core.py::TestDatabase::test_schema_version_existing_db PASSED [  1%]
tests/test_core.py::TestDatabase::test_schema_version_new_db PASSED      [  1%]
tests/test_core.py::TestDatabase::test_schema_version_table_exists PASSED [  2%]
tests/test_core.py::TestDatabase::test_schema_version_table_has_checksum_column PASSED [  2%]
tests/test_core.py::TestDatabase::test_v34_renames_old_tables_not_drops PASSED [  2%]
tests/test_core.py::TestProjectManager::test_load_nonexistent PASSED     [  2%]
tests/test_core.py::TestProjectManager::test_mark_dirty PASSED           [  2%]
tests/test_core.py::TestProjectManager::test_save_and_load PASSED        [  2%]
tests/test_core.py::TestFileIndexRepository::test_clear_all PASSED       [  2%]
tests/test_core.py::TestFileIndexRepository::test_clear_stale PASSED     [  2%]
tests/test_core.py::TestFileIndexRepository::test_clear_stale_refreshes_existing_old PASSED [  2%]
tests/test_core.py::TestFileIndexRepository::test_clear_stale_removes_stale_old PASSED [  2%]
tests/test_core.py::TestFileIndexRepository::test_clear_stale_skips_recent PASSED [  2%]
tests/test_core.py::TestFileIndexRepository::test_count PASSED           [  2%]
tests/test_core.py::TestFileIndexRepository::test_find_moved_files_detects_move PASSED [  2%]
tests/test_core.py::TestFileIndexRepository::test_find_moved_files_same_path_not_moved PASSED [  2%]
tests/test_core.py::TestFileIndexRepository::test_find_moved_files_unknown_hash PASSED [  2%]
tests/test_core.py::TestFileIndexRepository::test_get_all PASSED         [  2%]
tests/test_core.py::TestFileIndexRepository::test_get_full_info_empty PASSED [  2%]
tests/test_core.py::TestFileIndexRepository::test_get_full_info_like_match PASSED [  2%]
tests/test_core.py::TestFileIndexRepository::test_get_full_info_network_priority PASSED [  3%]
tests/test_core.py::TestFileIndexRepository::test_get_full_info_no_cache PASSED [  3%]
tests/test_core.py::TestFileIndexRepository::test_remove PASSED          [  3%]
tests/test_core.py::TestFileIndexRepository::test_restore_from_announcement_match PASSED [  3%]
tests/test_core.py::TestFileIndexRepository::test_restore_parsed PASSED  [  3%]
tests/test_core.py::TestFileIndexRepository::test_restore_parsed_no_part PASSED [  3%]
tests/test_core.py::TestFileIndexRepository::test_restore_parsed_nonexistent PASSED [  3%]
tests/test_core.py::TestFileIndexRepository::test_restore_parsed_part PASSED [  3%]
tests/test_core.py::TestFileIndexRepository::test_restore_parsed_skips_nonexact_cache PASSED [  3%]
tests/test_core.py::TestFileIndexRepository::test_restore_parsed_with_exact_cache PASSED [  3%]
tests/test_core.py::TestFileIndexRepository::test_upsert_and_get PASSED  [  3%]
tests/test_core.py::TestFileIndexRepository::test_upsert_update_existing PASSED [  3%]
tests/test_core.py::TestDailyQuotaTracker::test_cross_day_preserves_existing_usage PASSED [  3%]
tests/test_core.py::TestDailyQuotaTracker::test_cross_day_switches_today PASSED [  3%]
tests/test_core.py::TestDailyQuotaTracker::test_cross_day_updates_today PASSED [  3%]
tests/test_core.py::TestDailyQuotaTracker::test_get_remaining_initial PASSED [  3%]
tests/test_core.py::TestDailyQuotaTracker::test_get_search_remaining PASSED [  3%]
tests/test_core.py::TestDailyQuotaTracker::test_record_usage_non_limited_site PASSED [  4%]
tests/test_core.py::TestDailyQuotaTracker::test_record_usage_reduces_remaining PASSED [  4%]
tests/test_core.py::TestLoggerManager::test_get_logger_creates_manager PASSED [  4%]
tests/test_core.py::TestLoggerManager::test_set_level PASSED             [  4%]
tests/test_core.py::TestLoggerManager::test_singleton_thread_safety PASSED [  4%]
tests/test_core.py::TestHashFileContent::test_large_file_sample_hash PASSED [  4%]
tests/test_core.py::TestHashFileContent::test_same_prefix_different_file_hashes_differ PASSED [  4%]
tests/test_core.py::TestHashFileContent::test_scanner_and_file_index_produce_same_hash PASSED [  4%]
tests/test_core.py::TestHashFileContent::test_small_file_full_hash PASSED [  4%]
tests/test_core.py::TestDatabaseConcurrency::test_concurrent_reads_no_error PASSED [  4%]
tests/test_core.py::TestDatabaseConcurrency::test_concurrent_write_and_read PASSED [  4%]
tests/test_core.py::TestDbConstants::test_current_schema_ge_max_migration PASSED [  4%]
tests/test_core.py::TestDbConstants::test_migration_decorator_registers_in_migrations PASSED [  4%]
tests/test_core.py::TestConfigMigrate::test_export_rules_creates_file PASSED [  4%]
tests/test_core.py::TestConfigMigrate::test_export_rules_with_custom_rules PASSED [  4%]
tests/test_core.py::TestConfigMigrate::test_import_rules_adds_new_rules PASSED [  4%]
tests/test_core.py::TestConfigMigrate::test_import_rules_file_not_found_returns_minus_one PASSED [  4%]
tests/test_core.py::TestConfigMigrate::test_import_rules_skips_duplicate_names PASSED [  4%]
tests/test_core.py::TestConfigMigrate::test_migrate_ui_keys_clears_old_key PASSED [  5%]
tests/test_core.py::TestConfigMigrate::test_migrate_ui_keys_moves_column_widths PASSED [  5%]
tests/test_core.py::TestConfigMigrate::test_migrate_ui_keys_preserves_existing_appearance PASSED [  5%]
tests/test_core.py::TestDbMigrations::test_migrate_v18_forward_adds_new_columns_and_tables PASSED [  5%]
tests/test_core.py::TestDbMigrations::test_migrate_v18_is_idempotent PASSED [  5%]
tests/test_core.py::TestDbMigrations::test_migrate_v18_reverse_drops_new_objects PASSED [  5%]
tests/test_core.py::TestConfigCrypto::test_decrypt_empty_string_stays_empty PASSED [  5%]
tests/test_core.py::TestConfigCrypto::test_decrypt_non_encrypted_string_leaves_unchanged PASSED [  5%]
tests/test_core.py::TestConfigCrypto::test_encrypt_decrypt_roundtrip PASSED [  5%]
tests/test_core.py::TestConfigCrypto::test_is_sensitive_key_match PASSED [  5%]
tests/test_core.py::TestConfigCrypto::test_nested_sensitive_fields_encrypted PASSED [  5%]
tests/test_core.py::TestConfigCrypto::test_non_sensitive_fields_unchanged PASSED [  5%]
tests/test_core.py::TestConfigDefaults::test_factory_defaults_boolean_values_are_bool PASSED [  5%]
tests/test_core.py::TestConfigDefaults::test_factory_defaults_circuit_breaker_types PASSED [  5%]
tests/test_core.py::TestConfigDefaults::test_factory_defaults_language_is_string PASSED [  5%]
tests/test_core.py::TestConfigDefaults::test_factory_defaults_notification_rules_are_lists PASSED [  5%]
tests/test_core.py::TestConfigDefaults::test_factory_defaults_skip_folders_is_list PASSED [  5%]
tests/test_core.py::TestConfigDefaults::test_factory_defaults_theme_is_string PASSED [  5%]
tests/test_core.py::TestConfigDefaults::test_factory_defaults_timeout_is_int PASSED [  6%]
tests/test_core.py::TestConfigDefaults::test_factory_defaults_validity_config_types PASSED [  6%]
tests/test_file_index_full.py::TestFileIndexRepository::test_apply_cache_result_exact_match_fills_fields PASSED [  6%]
tests/test_file_index_full.py::TestFileIndexRepository::test_apply_cache_result_invalid_json_passes PASSED [  6%]
tests/test_file_index_full.py::TestFileIndexRepository::test_apply_cache_result_missing_fields_use_defaults PASSED [  6%]
tests/test_file_index_full.py::TestFileIndexRepository::test_apply_cache_result_non_exact_does_not_fill PASSED [  6%]
tests/test_file_index_full.py::TestFileIndexRepository::test_clear_all_deletes_all_records PASSED [  6%]
tests/test_file_index_full.py::TestFileIndexRepository::test_clear_stale_empty_returns_zero PASSED [  6%]
tests/test_file_index_full.py::TestFileIndexRepository::test_clear_stale_file_exists_updates_last_checked PASSED [  6%]
tests/test_file_index_full.py::TestFileIndexRepository::test_clear_stale_file_missing_deletes PASSED [  6%]
tests/test_file_index_full.py::TestFileIndexRepository::test_clear_stale_mixed_exist_and_missing PASSED [  6%]
tests/test_file_index_full.py::TestFileIndexRepository::test_count_empty_table_returns_zero PASSED [  6%]
tests/test_file_index_full.py::TestFileIndexRepository::test_count_returns_row_cnt PASSED [  6%]
tests/test_file_index_full.py::TestFileIndexRepository::test_find_by_hash_found PASSED [  6%]
tests/test_file_index_full.py::TestFileIndexRepository::test_find_by_hash_not_found PASSED [  6%]
tests/test_file_index_full.py::TestFileIndexRepository::test_find_by_standard_matches_all_fields PASSED [  6%]
tests/test_file_index_full.py::TestFileIndexRepository::test_find_by_standard_part_none_uses_minus_one PASSED [  6%]
tests/test_file_index_full.py::TestFileIndexRepository::test_find_moved_files_hash_match_different_path PASSED [  6%]
tests/test_file_index_full.py::TestFileIndexRepository::test_find_moved_files_hash_match_same_path_skipped PASSED [  7%]
tests/test_file_index_full.py::TestFileIndexRepository::test_find_moved_files_hash_not_found_skipped PASSED [  7%]
tests/test_file_index_full.py::TestFileIndexRepository::test_find_moved_files_multiple_candidates PASSED [  7%]
tests/test_file_index_full.py::TestFileIndexRepository::test_find_moved_files_no_hash_skipped PASSED [  7%]
tests/test_file_index_full.py::TestFileIndexRepository::test_get_all_empty_returns_empty_list PASSED [  7%]
tests/test_file_index_full.py::TestFileIndexRepository::test_get_all_returns_all_rows_ordered PASSED [  7%]
tests/test_file_index_full.py::TestFileIndexRepository::test_get_found_returns_row PASSED [  7%]
tests/test_file_index_full.py::TestFileIndexRepository::test_get_full_info_announcement_cache_fallback PASSED [  7%]
tests/test_file_index_full.py::TestFileIndexRepository::test_get_full_info_cached_at_none_uses_empty_string PASSED [  7%]
tests/test_file_index_full.py::TestFileIndexRepository::test_get_full_info_empty_result PASSED [  7%]
tests/test_file_index_full.py::TestFileIndexRepository::test_get_full_info_json_decode_error_handled PASSED [  7%]
tests/test_file_index_full.py::TestFileIndexRepository::test_get_full_info_multiple_rows PASSED [  7%]
tests/test_file_index_full.py::TestFileIndexRepository::test_get_full_info_network_cache_priority PASSED [  7%]
tests/test_file_index_full.py::TestFileIndexRepository::test_get_full_info_no_cache_at_all PASSED [  7%]
tests/test_file_index_full.py::TestFileIndexRepository::test_get_full_info_part_normalization PASSED [  7%]
tests/test_file_index_full.py::TestFileIndexRepository::test_get_full_info_part_positive_preserved PASSED [  7%]
tests/test_file_index_full.py::TestFileIndexRepository::test_get_full_info_sql_uses_like_prefix_for_cache_join PASSED [  7%]
tests/test_file_index_full.py::TestFileIndexRepository::test_get_not_found_returns_none PASSED [  8%]
tests/test_file_index_full.py::TestFileIndexRepository::test_get_status_stats_db_error_returns_defaults PASSED [  8%]
tests/test_file_index_full.py::TestFileIndexRepository::test_get_status_stats_missing_statuses_default_to_zero PASSED [  8%]
tests/test_file_index_full.py::TestFileIndexRepository::test_get_status_stats_normal PASSED [  8%]
tests/test_file_index_full.py::TestFileIndexRepository::test_init_stores_db_and_creates_events PASSED [  8%]
tests/test_file_index_full.py::TestFileIndexRepository::test_is_validation_complete_after_set PASSED [  8%]
tests/test_file_index_full.py::TestFileIndexRepository::test_is_validation_complete_initially_false PASSED [  8%]
tests/test_file_index_full.py::TestFileIndexRepository::test_remove_deletes_by_file_path PASSED [  8%]
tests/test_file_index_full.py::TestFileIndexRepository::test_restore_cache_fields_both_miss PASSED [  8%]
tests/test_file_index_full.py::TestFileIndexRepository::test_restore_cache_fields_network_hit PASSED [  8%]
tests/test_file_index_full.py::TestFileIndexRepository::test_restore_cache_fields_network_miss_announcement_hit PASSED [  8%]
tests/test_file_index_full.py::TestFileIndexRepository::test_restore_cache_fields_network_result_json_empty_falls_back PASSED [  8%]
tests/test_file_index_full.py::TestFileIndexRepository::test_restore_parsed_calls_cache_restore PASSED [  8%]
tests/test_file_index_full.py::TestFileIndexRepository::test_restore_parsed_found_returns_parsed_info PASSED [  8%]
tests/test_file_index_full.py::TestFileIndexRepository::test_restore_parsed_not_found_returns_none PASSED [  8%]
tests/test_file_index_full.py::TestFileIndexRepository::test_restore_parsed_part_positive_preserved PASSED [  8%]
tests/test_file_index_full.py::TestFileIndexRepository::test_run_db_error_uses_default_delay PASSED [  8%]
tests/test_file_index_full.py::TestFileIndexRepository::test_run_db_row_is_none_handled PASSED [  8%]
tests/test_file_index_full.py::TestFileIndexRepository::test_run_early_stop_skips_db_and_validates PASSED [  9%]
tests/test_file_index_full.py::TestFileIndexRepository::test_run_normal_flow_calls_validate_paths PASSED [  9%]
tests/test_file_index_full.py::TestFileIndexRepository::test_run_validate_paths_raises_is_caught PASSED [  9%]
tests/test_file_index_full.py::TestFileIndexRepository::test_start_delayed_validation_sets_thread_reference PASSED [  9%]
tests/test_file_index_full.py::TestFileIndexRepository::test_stop_calls_db_close_all PASSED [  9%]
tests/test_file_index_full.py::TestFileIndexRepository::test_stop_db_close_all_raises_is_caught PASSED [  9%]
tests/test_file_index_full.py::TestFileIndexRepository::test_stop_db_is_none_no_close PASSED [  9%]
tests/test_file_index_full.py::TestFileIndexRepository::test_stop_no_db_attribute_handled PASSED [  9%]
tests/test_file_index_full.py::TestFileIndexRepository::test_stop_sets_both_events PASSED [  9%]
tests/test_file_index_full.py::TestFileIndexRepository::test_stop_thread_alive_joins_with_timeout PASSED [  9%]
tests/test_file_index_full.py::TestFileIndexRepository::test_stop_thread_already_dead_does_not_block PASSED [  9%]
tests/test_file_index_full.py::TestFileIndexRepository::test_stop_thread_is_none_no_join PASSED [  9%]
tests/test_file_index_full.py::TestFileIndexRepository::test_upsert_existing_file_updates PASSED [  9%]
tests/test_file_index_full.py::TestFileIndexRepository::test_upsert_hash_provided_no_recalculation PASSED [  9%]
tests/test_file_index_full.py::TestFileIndexRepository::test_upsert_new_file_not_on_disk_no_hash PASSED [  9%]
tests/test_file_index_full.py::TestFileIndexRepository::test_upsert_new_file_with_hash_calculation PASSED [  9%]
tests/test_file_index_full.py::TestFileIndexRepository::test_upsert_part_zero_preserved PASSED [  9%]
tests/test_file_index_full.py::TestFileIndexRepository::test_validate_paths_all_exist_returns_zero PASSED [  9%]
tests/test_file_index_full.py::TestFileIndexRepository::test_validate_paths_db_error_returns_zero PASSED [ 10%]
tests/test_file_index_full.py::TestFileIndexRepository::test_validate_paths_delete_error_continues PASSED [ 10%]
tests/test_file_index_full.py::TestFileIndexRepository::test_validate_paths_empty_table_returns_zero PASSED [ 10%]
tests/test_file_index_full.py::TestFileIndexRepository::test_validate_paths_sets_validation_complete PASSED [ 10%]
tests/test_file_index_full.py::TestFileIndexRepository::test_validate_paths_some_missing_deletes_them PASSED [ 10%]
tests/test_file_index_full.py::TestFileIndexRepository::test_validate_paths_stop_event_set_returns_zero PASSED [ 10%]
tests/test_final_complete.py::TestWechatIP::test_browser_error PASSED    [ 10%]
tests/test_final_complete.py::TestWechatIP::test_browser_updater_init PASSED [ 10%]
tests/test_final_complete.py::TestWechatIP::test_cookie_mgr_fetch_empty PASSED [ 10%]
tests/test_final_complete.py::TestWechatIP::test_cookie_mgr_mask PASSED  [ 10%]
tests/test_final_complete.py::TestWechatIP::test_detect_ip_all_fail PASSED [ 10%]
tests/test_final_complete.py::TestWechatIP::test_detect_ip_with_mock PASSED [ 10%]
tests/test_final_complete.py::TestWechatIP::test_ip_pattern PASSED       [ 10%]
tests/test_final_complete.py::TestWechatIP::test_scheduler_run_check_no_ip PASSED [ 10%]
tests/test_final_complete.py::TestWechatIP::test_validate_ip_invalid PASSED [ 10%]
tests/test_final_complete.py::TestWechatIP::test_validate_ip_valid PASSED [ 10%]
tests/test_final_complete.py::TestWechatIP::test_wechat_ip_config_import PASSED [ 10%]
tests/test_final_complete.py::TestMonitor::test_defaults_dict PASSED     [ 11%]
tests/test_final_complete.py::TestMonitor::test_get_config_with_db PASSED [ 11%]
tests/test_final_complete.py::TestMonitor::test_handler_module PASSED    [ 11%]
tests/test_final_complete.py::TestMonitor::test_scheduler_module PASSED  [ 11%]
tests/test_final_complete.py::TestTasks::test_date_reminder_module PASSED [ 11%]
tests/test_final_complete.py::TestTasks::test_favorite_archive_error PASSED [ 11%]
tests/test_final_complete.py::TestTasks::test_get_download_url_none PASSED [ 11%]
tests/test_final_complete.py::TestAnnouncement::test_engine_init PASSED  [ 11%]
tests/test_final_complete.py::TestAnnouncement::test_ocr_counters_init PASSED [ 11%]
tests/test_final_complete.py::TestAnnouncement::test_ocr_scheduler_module PASSED [ 11%]
tests/test_final_complete.py::TestAnnouncement::test_wps_clean PASSED    [ 11%]
tests/test_final_complete.py::TestManager::test_expire_mixin_merge PASSED [ 11%]
tests/test_final_complete.py::TestManager::test_facade_base_init PASSED  [ 11%]
tests/test_final_complete.py::TestManager::test_facade_core_dataclass PASSED [ 11%]
tests/test_final_complete.py::TestCore::test_config_manager_set_get PASSED [ 11%]
tests/test_final_complete.py::TestCore::test_notification_message_icon PASSED [ 11%]
tests/test_final_complete.py::TestCore::test_std_utils_parse_gb PASSED   [ 11%]
tests/test_final_complete.py::TestCore::test_validity_module_lock PASSED [ 11%]
tests/test_final_complete.py::TestSmallModules::test_cli_commands_all_importable PASSED [ 12%]
tests/test_final_complete.py::TestSmallModules::test_i18n_multiple_switch PASSED [ 12%]
tests/test_final_complete.py::TestSmallModules::test_pipeline_router_init PASSED [ 12%]
tests/test_final_complete.py::TestSmallModules::test_platform_updater_download_fail PASSED [ 12%]
tests/test_group1_announcement_manager.py::TestAnnouncementMatcher::test_init PASSED [ 12%]
tests/test_group1_announcement_manager.py::TestAnnouncementMatcher::test_match_and_update_with_items PASSED [ 12%]
tests/test_group1_announcement_manager.py::TestAnnouncementMatcher::test_match_empty_items PASSED [ 12%]
tests/test_group1_announcement_manager.py::TestAnnouncementMatcher::test_normalize_items PASSED [ 12%]
tests/test_group1_announcement_manager.py::TestAnnouncementBaseDeep::test_cb_durations_default PASSED [ 12%]
tests/test_group1_announcement_manager.py::TestAnnouncementBaseDeep::test_cb_threshold_default PASSED [ 12%]
tests/test_group1_announcement_manager.py::TestAnnouncementBaseDeep::test_record_failure_increments PASSED [ 12%]
tests/test_group1_announcement_manager.py::TestAnnouncementBaseDeep::test_record_success_resets_streak PASSED [ 12%]
tests/test_group1_announcement_manager.py::TestAnnouncementBaseDeep::test_source_site PASSED [ 12%]
tests/test_group1_announcement_manager.py::TestAnnouncementParserDeep::test_code_key PASSED [ 12%]
tests/test_group1_announcement_manager.py::TestAnnouncementParserDeep::test_parse_announcement_meta PASSED [ 12%]
tests/test_group1_announcement_manager.py::TestAnnouncementParserDeep::test_parse_html_table_multiple_rows PASSED [ 12%]
tests/test_group1_announcement_manager.py::TestAnnouncementParserDeep::test_parse_text_table PASSED [ 12%]
tests/test_group1_announcement_manager.py::TestAnnouncementParserDeep::test_parse_wps_text_realistic PASSED [ 12%]
tests/test_group1_announcement_manager.py::TestAnnouncementParserDeep::test_replaces_pattern PASSED [ 13%]
tests/test_group1_announcement_manager.py::TestAnnounceService::test_acquire_manual_lock PASSED [ 13%]
tests/test_group1_announcement_manager.py::TestAnnounceService::test_get_or_create_engine PASSED [ 13%]
tests/test_group1_announcement_manager.py::TestAnnounceService::test_init PASSED [ 13%]
tests/test_group1_announcement_manager.py::TestAnnounceService::test_init_with_ocr_config PASSED [ 13%]
tests/test_group1_announcement_manager.py::TestAnnounceService::test_ocr_provider_lazy_init PASSED [ 13%]
tests/test_group1_announcement_manager.py::TestAnnounceService::test_record_fetch_failure PASSED [ 13%]
tests/test_group1_announcement_manager.py::TestAnnounceService::test_write_checkpoint_empty_date PASSED [ 13%]
tests/test_group1_announcement_manager.py::TestAnnounceService::test_write_checkpoint_new PASSED [ 13%]
tests/test_group1_announcement_manager.py::TestQueryHandlerDeep::test_expire_statuses PASSED [ 13%]
tests/test_group1_announcement_manager.py::TestQueryHandlerDeep::test_pending_reasons PASSED [ 13%]
tests/test_group1_announcement_manager.py::TestQueryHandlerDeep::test_query_announcement_connection_error PASSED [ 13%]
tests/test_group1_announcement_manager.py::TestQueryHandlerDeep::test_query_announcement_found PASSED [ 13%]
tests/test_group1_announcement_manager.py::TestQueryHandlerDeep::test_query_announcement_timeout PASSED [ 13%]
tests/test_group1_announcement_manager.py::TestOrganizerMirror::test_check_path_traversal_safe PASSED [ 13%]
tests/test_group1_announcement_manager.py::TestOrganizerMirror::test_organize_skipped_dirs_empty PASSED [ 13%]
tests/test_group1_announcement_manager.py::TestOrganizerMirror::test_resolve_skipped_relative_nonexistent PASSED [ 13%]
tests/test_manager_unit.py::TestQueryClassifier::test_foreign_active_goes_to_organize PASSED [ 13%]
tests/test_manager_unit.py::TestQueryClassifier::test_foreign_not_found_goes_to_pending PASSED [ 14%]
tests/test_manager_unit.py::TestQueryClassifier::test_found_source_site_is_populated PASSED [ 14%]
tests/test_manager_unit.py::TestQueryClassifier::test_gb_active_exact_goes_to_organize PASSED [ 14%]
tests/test_manager_unit.py::TestQueryClassifier::test_gb_active_normalized_filename PASSED [ 14%]
tests/test_manager_unit.py::TestQueryClassifier::test_gb_newer_adopted_goes_to_pending PASSED [ 14%]
tests/test_manager_unit.py::TestQueryClassifier::test_gb_newer_goes_to_download PASSED [ 14%]
tests/test_manager_unit.py::TestQueryClassifier::test_gb_repealed_no_replaces_goes_to_expire PASSED [ 14%]
tests/test_manager_unit.py::TestQueryClassifier::test_gb_repealed_with_replaces_goes_to_download PASSED [ 14%]
tests/test_manager_unit.py::TestQueryClassifier::test_industry_active_goes_to_organize PASSED [ 14%]
tests/test_manager_unit.py::TestQueryClassifier::test_newer_exists_locally_skips_download PASSED [ 14%]
tests/test_manager_unit.py::TestQueryClassifier::test_uncertain_status_goes_to_pending PASSED [ 14%]
tests/test_manager_unit.py::TestPendingService::test_enqueue_download_wait PASSED [ 14%]
tests/test_manager_unit.py::TestPendingService::test_enqueue_download_wait_skips_duplicate PASSED [ 14%]
tests/test_manager_unit.py::TestPendingService::test_enqueue_download_wait_skips_no_publish_date PASSED [ 14%]
tests/test_manager_unit.py::TestPendingService::test_get_due_downloads_filters_by_date PASSED [ 14%]
tests/test_manager_unit.py::TestPendingService::test_get_pending_returns_only_pending_status PASSED [ 14%]
tests/test_manager_unit.py::TestPendingService::test_query_local_cache_falls_back_to_announcement PASSED [ 14%]
tests/test_manager_unit.py::TestPendingService::test_query_local_cache_not_found PASSED [ 15%]
tests/test_manager_unit.py::TestPendingService::test_query_local_cache_returns_results PASSED [ 15%]
tests/test_manager_unit.py::TestPendingService::test_record_pending_skips_duplicate PASSED [ 15%]
tests/test_manager_unit.py::TestPendingService::test_record_pending_writes_to_db PASSED [ 15%]
tests/test_manager_unit.py::TestPendingService::test_remove_download_queue PASSED [ 15%]
tests/test_manager_unit.py::TestPendingService::test_resolve_pending_updates_status PASSED [ 15%]
tests/test_migrations_full.py::TestMigrationsV2V10::test_v10_adds_source_and_status_history PASSED [ 15%]
tests/test_migrations_full.py::TestMigrationsV2V10::test_v10_skips_existing_columns PASSED [ 15%]
tests/test_migrations_full.py::TestMigrationsV2V10::test_v10_skips_when_table_missing PASSED [ 15%]
tests/test_migrations_full.py::TestMigrationsV2V10::test_v2_creates_file_index_table PASSED [ 15%]
tests/test_migrations_full.py::TestMigrationsV2V10::test_v3_adds_status_column_when_missing PASSED [ 15%]
tests/test_migrations_full.py::TestMigrationsV2V10::test_v3_creates_queue_and_pending_tables PASSED [ 15%]
tests/test_migrations_full.py::TestMigrationsV2V10::test_v3_skips_status_column_when_present PASSED [ 15%]
tests/test_migrations_full.py::TestMigrationsV2V10::test_v4_creates_fetch_checkpoint PASSED [ 15%]
tests/test_migrations_full.py::TestMigrationsV2V10::test_v5_creates_announcement_match PASSED [ 15%]
tests/test_migrations_full.py::TestMigrationsV2V10::test_v6_creates_rotator_state PASSED [ 15%]
tests/test_migrations_full.py::TestMigrationsV2V10::test_v7_adds_last_checked_and_index PASSED [ 15%]
tests/test_migrations_full.py::TestMigrationsV2V10::test_v7_handles_alter_exception_gracefully PASSED [ 15%]
tests/test_migrations_full.py::TestMigrationsV2V10::test_v7_handles_both_exceptions_gracefully PASSED [ 16%]
tests/test_migrations_full.py::TestMigrationsV2V10::test_v7_handles_index_exception_gracefully PASSED [ 16%]
tests/test_migrations_full.py::TestMigrationsV2V10::test_v8_drops_expires_at_when_exists PASSED [ 16%]
tests/test_migrations_full.py::TestMigrationsV2V10::test_v8_skips_when_column_missing PASSED [ 16%]
tests/test_migrations_full.py::TestMigrationsV2V10::test_v8_skips_when_table_missing PASSED [ 16%]
tests/test_migrations_full.py::TestMigrationsV2V10::test_v9_adds_requery_count PASSED [ 16%]
tests/test_migrations_full.py::TestMigrationsV2V10::test_v9_skips_when_column_exists PASSED [ 16%]
tests/test_migrations_full.py::TestMigrationsV2V10::test_v9_skips_when_table_missing PASSED [ 16%]
tests/test_migrations_full.py::TestMigrationsV11V20::test_v11_adds_daily_limits PASSED [ 16%]
tests/test_migrations_full.py::TestMigrationsV11V20::test_v11_skips_when_table_missing PASSED [ 16%]
tests/test_migrations_full.py::TestMigrationsV11V20::test_v12_creates_adapter_stats PASSED [ 16%]
tests/test_migrations_full.py::TestMigrationsV11V20::test_v13_adds_all_missing_columns PASSED [ 16%]
tests/test_migrations_full.py::TestMigrationsV11V20::test_v13_skips_existing_columns PASSED [ 16%]
tests/test_migrations_full.py::TestMigrationsV11V20::test_v13_skips_when_table_missing PASSED [ 16%]
tests/test_migrations_full.py::TestMigrationsV11V20::test_v14_creates_api_keys PASSED [ 16%]
tests/test_migrations_full.py::TestMigrationsV11V20::test_v15_creates_announcement_record PASSED [ 16%]
tests/test_migrations_full.py::TestMigrationsV11V20::test_v16_creates_standard_validity PASSED [ 16%]
tests/test_migrations_full.py::TestMigrationsV11V20::test_v17_creates_notification_log PASSED [ 16%]
tests/test_migrations_full.py::TestMigrationsV11V20::test_v18_alters_and_creates_tables PASSED [ 17%]
tests/test_migrations_full.py::TestMigrationsV11V20::test_v18_handles_alter_exception PASSED [ 17%]
tests/test_migrations_full.py::TestMigrationsV11V20::test_v19_creates_users PASSED [ 17%]
tests/test_migrations_full.py::TestMigrationsV11V20::test_v20_adds_since_date PASSED [ 17%]
tests/test_migrations_full.py::TestMigrationsV11V20::test_v20_handles_alter_exception PASSED [ 17%]
tests/test_migrations_full.py::TestMigrationsV21V30::test_v21_creates_user_layouts PASSED [ 17%]
tests/test_migrations_full.py::TestMigrationsV21V30::test_v22_creates_user_preferences PASSED [ 17%]
tests/test_migrations_full.py::TestMigrationsV21V30::test_v23_alters_announcement_match PASSED [ 17%]
tests/test_migrations_full.py::TestMigrationsV21V30::test_v23_alters_announcement_record PASSED [ 17%]
tests/test_migrations_full.py::TestMigrationsV21V30::test_v23_alters_standard_info_cache PASSED [ 17%]
tests/test_migrations_full.py::TestMigrationsV21V30::test_v23_alters_standard_validity PASSED [ 17%]
tests/test_migrations_full.py::TestMigrationsV21V30::test_v23_creates_cache_tables_and_alters PASSED [ 17%]
tests/test_migrations_full.py::TestMigrationsV21V30::test_v23_total_execute_count PASSED [ 17%]
tests/test_migrations_full.py::TestMigrationsV21V30::test_v24_creates_task_queue_with_indexes_and_alters PASSED [ 17%]
tests/test_migrations_full.py::TestMigrationsV21V30::test_v24_total_execute_count PASSED [ 17%]
tests/test_migrations_full.py::TestMigrationsV21V30::test_v25_alters_announcement_match PASSED [ 17%]
tests/test_migrations_full.py::TestMigrationsV21V30::test_v26_creates_pipeline_runs PASSED [ 17%]
tests/test_migrations_full.py::TestMigrationsV21V30::test_v27_alters_notification_log PASSED [ 18%]
tests/test_migrations_full.py::TestMigrationsV21V30::test_v28_creates_notification_queue PASSED [ 18%]
tests/test_migrations_full.py::TestMigrationsV21V30::test_v29_alters_announcement_record PASSED [ 18%]
tests/test_migrations_full.py::TestMigrationsV21V30::test_v30_creates_failure_tables_and_app_preferences PASSED [ 18%]
tests/test_migrations_full.py::TestMigrationsV21V30::test_v30_total_execute_count PASSED [ 18%]
tests/test_migrations_full.py::TestMigrationsV31V37::test_v31_creates_monitor_stats PASSED [ 18%]
tests/test_migrations_full.py::TestMigrationsV31V37::test_v31_migrates_monitor_data_from_cache_config PASSED [ 18%]
tests/test_migrations_full.py::TestMigrationsV31V37::test_v32_drops_announcement_fetch_failures PASSED [ 18%]
tests/test_migrations_full.py::TestMigrationsV31V37::test_v33_creates_adapter_state_and_migrates PASSED [ 18%]
tests/test_migrations_full.py::TestMigrationsV31V37::test_v33_migrates_rows_from_rotator_state PASSED [ 18%]
tests/test_migrations_full.py::TestMigrationsV31V37::test_v34_handles_rename_exception PASSED [ 18%]
tests/test_migrations_full.py::TestMigrationsV31V37::test_v34_renames_old_tables PASSED [ 18%]
tests/test_migrations_full.py::TestMigrationsV31V37::test_v35_creates_notification_policy PASSED [ 18%]
tests/test_migrations_full.py::TestMigrationsV31V37::test_v35_handles_config_exception PASSED [ 18%]
tests/test_migrations_full.py::TestMigrationsV31V37::test_v35_migrates_existing_rules PASSED [ 18%]
tests/test_migrations_full.py::TestMigrationsV31V37::test_v36_creates_announcements_and_favorites_and_reminders PASSED [ 18%]
tests/test_migrations_full.py::TestMigrationsV31V37::test_v36_extends_announcement_record PASSED [ 18%]
tests/test_migrations_full.py::TestMigrationsV31V37::test_v36_migrates_existing_data PASSED [ 18%]
tests/test_migrations_full.py::TestMigrationsV31V37::test_v37_creates_user_credentials PASSED [ 19%]
tests/test_migrations_full.py::TestMigrationsV31V37::test_v37_handles_config_exception PASSED [ 19%]
tests/test_migrations_full.py::TestMigrationsV31V37::test_v37_handles_no_channels PASSED [ 19%]
tests/test_migrations_full.py::TestMigrationsV31V37::test_v37_migrates_channel_credentials PASSED [ 19%]
tests/test_migrations_full.py::TestMigrationV38::test_v38_checks_sqlite_master PASSED [ 19%]
tests/test_migrations_full.py::TestMigrationV38::test_v38_creates_user_settings_when_not_exists PASSED [ 19%]
tests/test_migrations_full.py::TestMigrationV38::test_v38_skips_when_table_exists PASSED [ 19%]
tests/test_migrations_full.py::TestMigrationRegistration::test_all_versions_registered PASSED [ 19%]
tests/test_migrations_full.py::TestMigrationRegistration::test_migrations_dict_has_no_gaps PASSED [ 19%]
tests/test_migrations_full.py::TestMigrationRegistration::test_v31_v37_are_callable PASSED [ 19%]
tests/test_migrations_full.py::TestMigrationRegistration::test_v31_v37_are_registered PASSED [ 19%]
tests/test_migrations_full.py::TestMigrationRegistration::test_v38_is_registered_and_callable PASSED [ 19%]
tests/test_migrations_full.py::TestV31V37DirectCall::test_v31_direct_call PASSED [ 19%]
tests/test_migrations_full.py::TestV31V37DirectCall::test_v32_direct_call PASSED [ 19%]
tests/test_migrations_full.py::TestV31V37DirectCall::test_v33_direct_call PASSED [ 19%]
tests/test_migrations_full.py::TestV31V37DirectCall::test_v34_direct_call PASSED [ 19%]
tests/test_migrations_full.py::TestV31V37DirectCall::test_v35_direct_call PASSED [ 19%]
tests/test_migrations_full.py::TestV31V37DirectCall::test_v36_direct_call PASSED [ 19%]
tests/test_migrations_full.py::TestV31V37DirectCall::test_v37_direct_call PASSED [ 20%]
tests/test_migrations_full.py::TestEdgeCases::test_migration_decorator_sets_function_name PASSED [ 20%]
tests/test_migrations_full.py::TestEdgeCases::test_v10_fetchall_empty_skips_alter PASSED [ 20%]
tests/test_migrations_full.py::TestEdgeCases::test_v11_fetchall_empty_skips_alter PASSED [ 20%]
tests/test_migrations_full.py::TestEdgeCases::test_v13_fetchall_empty_skips_alter PASSED [ 20%]
tests/test_migrations_full.py::TestEdgeCases::test_v38_fetchone_dict_skips_create PASSED [ 20%]
tests/test_migrations_full.py::TestEdgeCases::test_v38_fetchone_none_creates_table PASSED [ 20%]
tests/test_migrations_full.py::TestEdgeCases::test_v3_fetchall_empty_list PASSED [ 20%]
tests/test_migrations_full.py::TestEdgeCases::test_v8_fetchall_empty_skips_drop PASSED [ 20%]
tests/test_migrations_full.py::TestEdgeCases::test_v9_fetchall_empty_skips_alter PASSED [ 20%]
tests/test_mock_pipeline.py::TestMockDownloadAdapter::test_can_handle_any_task PASSED [ 20%]
tests/test_mock_pipeline.py::TestMockDownloadAdapter::test_download_failure_sets_error PASSED [ 20%]
tests/test_mock_pipeline.py::TestMockDownloadAdapter::test_download_returns_pdf_content PASSED [ 20%]
tests/test_mock_pipeline.py::TestMockDownloadAdapter::test_site_name PASSED [ 20%]
tests/test_mock_pipeline.py::TestWorkerThreadSafety::test_concurrent_sqlite_writes PASSED [ 20%]
tests/test_mock_pipeline.py::TestWorkerThreadSafety::test_pause_event_blocks_and_resumes PASSED [ 20%]
tests/test_mock_pipeline.py::TestWorkerThreadSafety::test_stop_flag_terminates_early PASSED [ 20%]
tests/test_monitor.py::TestMonitorStats::test_init_defaults PASSED       [ 20%]
tests/test_monitor.py::TestMonitorStats::test_increment PASSED           [ 21%]
tests/test_monitor.py::TestMonitorStats::test_increment_unknown_key_noop PASSED [ 21%]
tests/test_monitor.py::TestMonitorStats::test_get_today_stats_returns_copy PASSED [ 21%]
tests/test_monitor.py::TestMonitorStats::test_flush_when_not_dirty_noop PASSED [ 21%]
tests/test_monitor.py::TestMonitorStats::test_flush_writes_dirty_data +++++++++++++++++++++++++++++++++++ Timeout +++++++++++++++++++++++++++++++++++
~~~~~~~~~~~~~~~~~~~~ Stack of Thread-111 (_monitor) (5428) ~~~~~~~~~~~~~~~~~~~~
  File "C:\Program Files\Python314\Lib\threading.py", line 1044, in _bootstrap
    self._bootstrap_inner()
  File "C:\Program Files\Python314\Lib\threading.py", line 1082, in _bootstrap_inner
    self._context.run(self.run)
  File "C:\Program Files\Python314\Lib\threading.py", line 1024, in run
    self._target(*self._args, **self._kwargs)
  File "C:\Program Files\Python314\Lib\logging\handlers.py", line 1609, in _monitor
    record = self.dequeue(True)
  File "C:\Program Files\Python314\Lib\logging\handlers.py", line 1555, in dequeue
    return self.queue.get(block)
  File "C:\Program Files\Python314\Lib\queue.py", line 199, in get
    self.not_empty.wait()
  File "C:\Program Files\Python314\Lib\threading.py", line 369, in wait
    waiter.acquire()
~~~~~~~~~~~~~~~~~~~~ Stack of Thread-98 (_monitor) (17944) ~~~~~~~~~~~~~~~~~~~~
  File "C:\Program Files\Python314\Lib\threading.py", line 1044, in _bootstrap
    self._bootstrap_inner()
  File "C:\Program Files\Python314\Lib\threading.py", line 1082, in _bootstrap_inner
    self._context.run(self.run)
  File "C:\Program Files\Python314\Lib\threading.py", line 1024, in run
    self._target(*self._args, **self._kwargs)
  File "C:\Program Files\Python314\Lib\logging\handlers.py", line 1609, in _monitor
    record = self.dequeue(True)
  File "C:\Program Files\Python314\Lib\logging\handlers.py", line 1555, in dequeue
    return self.queue.get(block)
  File "C:\Program Files\Python314\Lib\queue.py", line 199, in get
    self.not_empty.wait()
  File "C:\Program Files\Python314\Lib\threading.py", line 369, in wait
    waiter.acquire()
~~~~~~~~~~~~~~~~~~~~~~~~~ Stack of MainThread (15364) ~~~~~~~~~~~~~~~~~~~~~~~~~
  File "<frozen runpy>", line 198, in _run_module_as_main
  File "<frozen runpy>", line 88, in _run_code
  File "D:\PilotStd\pilotstd_env\Lib\site-packages\pytest\__main__.py", line 9, in <module>
    raise SystemExit(pytest.console_main())
  File "D:\PilotStd\pilotstd_env\Lib\site-packages\_pytest\config\__init__.py", line 223, in console_main
    code = main()
  File "D:\PilotStd\pilotstd_env\Lib\site-packages\_pytest\config\__init__.py", line 199, in main
    ret: ExitCode | int = config.hook.pytest_cmdline_main(config=config)
  File "D:\PilotStd\pilotstd_env\Lib\site-packages\pluggy\_hooks.py", line 512, in __call__
    return self._hookexec(self.name, self._hookimpls.copy(), kwargs, firstresult)
  File "D:\PilotStd\pilotstd_env\Lib\site-packages\pluggy\_manager.py", line 120, in _hookexec
    return self._inner_hookexec(hook_name, methods, kwargs, firstresult)
  File "D:\PilotStd\pilotstd_env\Lib\site-packages\pluggy\_callers.py", line 121, in _multicall
    res = hook_impl.function(*args)
  File "D:\PilotStd\pilotstd_env\Lib\site-packages\_pytest\main.py", line 365, in pytest_cmdline_main
    return wrap_session(config, _main)
  File "D:\PilotStd\pilotstd_env\Lib\site-packages\_pytest\main.py", line 318, in wrap_session
    session.exitstatus = doit(config, session) or 0
  File "D:\PilotStd\pilotstd_env\Lib\site-packages\_pytest\main.py", line 372, in _main
    config.hook.pytest_runtestloop(session=session)
  File "D:\PilotStd\pilotstd_env\Lib\site-packages\pluggy\_hooks.py", line 512, in __call__
    return self._hookexec(self.name, self._hookimpls.copy(), kwargs, firstresult)
  File "D:\PilotStd\pilotstd_env\Lib\site-packages\pluggy\_manager.py", line 120, in _hookexec
    return self._inner_hookexec(hook_name, methods, kwargs, firstresult)
  File "D:\PilotStd\pilotstd_env\Lib\site-packages\pluggy\_callers.py", line 121, in _multicall
    res = hook_impl.function(*args)
  File "D:\PilotStd\pilotstd_env\Lib\site-packages\_pytest\main.py", line 396, in pytest_runtestloop
    item.config.hook.pytest_runtest_protocol(item=item, nextitem=nextitem)
  File "D:\PilotStd\pilotstd_env\Lib\site-packages\pluggy\_hooks.py", line 512, in __call__
    return self._hookexec(self.name, self._hookimpls.copy(), kwargs, firstresult)
  File "D:\PilotStd\pilotstd_env\Lib\site-packages\pluggy\_manager.py", line 120, in _hookexec
    return self._inner_hookexec(hook_name, methods, kwargs, firstresult)
  File "D:\PilotStd\pilotstd_env\Lib\site-packages\pluggy\_callers.py", line 121, in _multicall
    res = hook_impl.function(*args)
  File "D:\PilotStd\pilotstd_env\Lib\site-packages\_pytest\runner.py", line 118, in pytest_runtest_protocol
    runtestprotocol(item, nextitem=nextitem)
  File "D:\PilotStd\pilotstd_env\Lib\site-packages\_pytest\runner.py", line 137, in runtestprotocol
    reports.append(call_and_report(item, "call", log))
  File "D:\PilotStd\pilotstd_env\Lib\site-packages\_pytest\runner.py", line 244, in call_and_report
    call = CallInfo.from_call(
  File "D:\PilotStd\pilotstd_env\Lib\site-packages\_pytest\runner.py", line 353, in from_call
    result: TResult | None = func()
  File "D:\PilotStd\pilotstd_env\Lib\site-packages\_pytest\runner.py", line 245, in <lambda>
    lambda: runtest_hook(item=item, **kwds),
  File "D:\PilotStd\pilotstd_env\Lib\site-packages\pluggy\_hooks.py", line 512, in __call__
    return self._hookexec(self.name, self._hookimpls.copy(), kwargs, firstresult)
  File "D:\PilotStd\pilotstd_env\Lib\site-packages\pluggy\_manager.py", line 120, in _hookexec
    return self._inner_hookexec(hook_name, methods, kwargs, firstresult)
  File "D:\PilotStd\pilotstd_env\Lib\site-packages\pluggy\_callers.py", line 121, in _multicall
    res = hook_impl.function(*args)
  File "D:\PilotStd\pilotstd_env\Lib\site-packages\_pytest\runner.py", line 179, in pytest_runtest_call
    item.runtest()
  File "D:\PilotStd\pilotstd_env\Lib\site-packages\_pytest\python.py", line 1720, in runtest
    self.ihook.pytest_pyfunc_call(pyfuncitem=self)
  File "D:\PilotStd\pilotstd_env\Lib\site-packages\pluggy\_hooks.py", line 512, in __call__
    return self._hookexec(self.name, self._hookimpls.copy(), kwargs, firstresult)
  File "D:\PilotStd\pilotstd_env\Lib\site-packages\pluggy\_manager.py", line 120, in _hookexec
    return self._inner_hookexec(hook_name, methods, kwargs, firstresult)
  File "D:\PilotStd\pilotstd_env\Lib\site-packages\pluggy\_callers.py", line 121, in _multicall
    res = hook_impl.function(*args)
  File "D:\PilotStd\pilotstd_env\Lib\site-packages\_pytest\python.py", line 166, in pytest_pyfunc_call
    result = testfunction(**testargs)
  File "D:\PilotStd\tests\test_monitor.py", line 61, in test_flush_writes_dirty_data
    stats.increment("processed")
  File "D:\PilotStd\pilotstd\monitor\config.py", line 115, in increment
    self._ensure_date()
  File "D:\PilotStd\pilotstd\monitor\config.py", line 107, in _ensure_date
    self._flush()
  File "D:\PilotStd\pilotstd\monitor\config.py", line 122, in _flush
    with self._lock:
+++++++++++++++++++++++++++++++++++ Timeout +++++++++++++++++++++++++++++++++++
