============================= test session starts =============================
platform win32 -- Python 3.14.2, pytest-9.0.3, pluggy-1.6.0 -- D:\PilotStd\pilotstd_env\Scripts\python.exe
cachedir: .pytest_cache
PyQt6 6.11.0 -- Qt runtime 6.11.0 -- Qt compiled 6.11.0
rootdir: D:\PilotStd
configfile: pyproject.toml
plugins: anyio-4.13.0, locust-2.44.4, cov-7.1.0, qt-4.2.0, timeout-2.4.0, xdist-3.8.0
collecting ... collected 263 items

tests/test_settings_manager.py::TestDeepMerge::test_simple_override PASSED [  0%]
tests/test_settings_manager.py::TestDeepMerge::test_nested_partial_override PASSED [  0%]
tests/test_settings_manager.py::TestDeepMerge::test_new_top_level_key PASSED [  1%]
tests/test_settings_manager.py::TestDeepMerge::test_new_nested_key PASSED [  1%]
tests/test_settings_manager.py::TestDeepMerge::test_empty_overrides_returns_deep_copy PASSED [  1%]
tests/test_settings_manager.py::TestDeepUpdate::test_simple_update PASSED [  2%]
tests/test_settings_manager.py::TestDeepUpdate::test_nested_partial_update PASSED [  2%]
tests/test_settings_manager.py::TestDeepUpdate::test_new_key_added PASSED [  3%]
tests/test_settings_manager.py::TestPreferencesCache::test_cache_hit_no_db_query PASSED [  3%]
tests/test_settings_manager.py::TestPreferencesCache::test_cache_miss_loads_from_db_and_merges_defaults PASSED [  3%]
tests/test_settings_manager.py::TestPreferencesCache::test_new_user_returns_full_defaults PASSED [  4%]
tests/test_settings_manager.py::TestPreferencesCache::test_update_preferences_refreshes_cache PASSED [  4%]
tests/test_settings_manager.py::TestPreferencesCache::test_reset_preferences_clears_and_reloads PASSED [  4%]
tests/test_settings_manager.py::TestPreferencesCache::test_clear_cache_single_user PASSED [  5%]
tests/test_settings_manager.py::TestPreferencesCache::test_clear_cache_all_users PASSED [  5%]
tests/test_standard_service.py::TestMapFilterStatus::test_current_returns_exact_match PASSED [  6%]
tests/test_standard_service.py::TestMapFilterStatus::test_abolished_returns_in_operator PASSED [  6%]
tests/test_standard_service.py::TestMapFilterStatus::test_unknown_returns_not_in_operator PASSED [  6%]
tests/test_standard_service.py::TestMapFilterStatus::test_arbitrary_status_returns_exact PASSED [  7%]
tests/test_standard_service.py::TestBuildWhere::test_no_filters_returns_basic_where PASSED [  7%]
tests/test_standard_service.py::TestBuildWhere::test_status_filter_current PASSED [  7%]
tests/test_standard_service.py::TestBuildWhere::test_status_filter_abolished PASSED [  8%]
tests/test_standard_service.py::TestBuildWhere::test_keyword_filter PASSED [  8%]
tests/test_standard_service.py::TestBuildWhere::test_combined_status_and_keyword PASSED [  9%]
tests/test_standard_service.py::TestBuildWhere::test_alias_prefix_in_column_refs PASSED [  9%]
tests/test_standard_service.py::TestBuildWhere::test_not_in_operator_for_unknown PASSED [  9%]
tests/test_standard_service.py::TestGetStats::test_normal_stats_with_mixed_statuses PASSED [ 10%]
tests/test_standard_service.py::TestGetStats::test_empty_stats PASSED    [ 10%]
tests/test_standard_service.py::TestGetStats::test_only_current_status PASSED [ 11%]
tests/test_standard_service.py::TestGetList::test_normal_paginated_list PASSED [ 11%]
tests/test_standard_service.py::TestGetList::test_page_two_offset PASSED [ 11%]
tests/test_standard_service.py::TestGetList::test_boundary_empty_result_zero_total PASSED [ 12%]
tests/test_standard_service.py::TestGetList::test_state_filtered_query_includes_where PASSED [ 12%]
tests/test_task.py::TestTaskModels::test_progress_pct PASSED             [ 12%]
tests/test_task.py::TestTaskModels::test_progress_zero_total PASSED      [ 13%]
tests/test_task.py::TestTaskQueue::test_enqueue_and_get PASSED           [ 13%]
tests/test_task.py::TestTaskQueue::test_failed_handler PASSED            [ 14%]
tests/test_task.py::TestTaskQueue::test_get_pending PASSED               [ 14%]
tests/test_task.py::TestTaskQueue::test_handler_execution PASSED         [ 14%]
tests/test_task.py::TestTaskQueue::test_handler_timeout PASSED           [ 15%]
tests/test_task.py::TestTaskQueue::test_list_all PASSED                  [ 15%]
tests/test_task.py::TestTaskQueue::test_pause_and_cancel PASSED          [ 15%]
tests/test_task.py::TestTaskQueue::test_update_progress PASSED           [ 16%]
tests/test_task_history.py::TestTaskHistoryWrite::test_duration_recorded PASSED [ 16%]
tests/test_task_history.py::TestTaskHistoryWrite::test_write_and_read PASSED [ 17%]
tests/test_task_history.py::TestTaskHistoryWrite::test_write_updates_memory_cache PASSED [ 17%]
tests/test_task_history.py::TestTaskHistoryPagination::test_page1_size5_30_records PASSED [ 17%]
tests/test_task_history.py::TestTaskHistoryPagination::test_page_beyond_range_returns_empty PASSED [ 18%]
tests/test_task_history.py::TestTaskHistoryPagination::test_size_min_clamped PASSED [ 18%]
tests/test_task_history.py::TestTaskHistoryCleanup::test_2000_limit_per_task PASSED [ 19%]
tests/test_task_history.py::TestTaskHistoryCleanup::test_30day_expiry PASSED [ 19%]
tests/test_task_history.py::TestTaskHistoryCleanup::test_cleanup_triggered_at_threshold PASSED [ 19%]
tests/test_task_history.py::TestTaskHistoryStats::test_last_error_captured PASSED [ 20%]
tests/test_task_history.py::TestTaskHistoryStats::test_success_rate_calculation PASSED [ 20%]
tests/test_task_history.py::TestDecoratorIntegration::test_decorator_writes_db_on_error PASSED [ 20%]
tests/test_task_history.py::TestDecoratorIntegration::test_decorator_writes_db_on_success PASSED [ 21%]
tests/test_task_history.py::TestDecoratorIntegration::test_memory_cache_consistent_with_db PASSED [ 21%]
tests/test_task_history.py::TestPerformanceBaseline::test_history_query_p95_under_50ms PASSED [ 22%]
tests/test_task_history.py::TestPerformanceBaseline::test_stats_query_fast PASSED [ 22%]
tests/test_tdpress.py::TestTDPressAdapter::test_default_client_headers PASSED [ 22%]
tests/test_tdpress.py::TestTDPressAdapter::test_field_mapping PASSED     [ 23%]
tests/test_tdpress.py::TestTDPressAdapter::test_field_mapping_minimal PASSED [ 23%]
tests/test_tdpress.py::TestTDPressAdapter::test_query_standards_empty_keyword PASSED [ 23%]
tests/test_tdpress.py::TestTDPressAdapter::test_search_candidates_json_error PASSED [ 24%]
tests/test_tdpress.py::TestTDPressAdapter::test_search_candidates_network_error PASSED [ 24%]
tests/test_tdpress.py::TestTDPressAdapter::test_search_candidates_no_results PASSED [ 25%]
tests/test_tdpress.py::TestTDPressAdapter::test_search_candidates_non_200 PASSED [ 25%]
tests/test_tdpress.py::TestTDPressAdapter::test_search_candidates_returns_list PASSED [ 25%]
tests/test_tdpress.py::TestTDPressAdapter::test_solelogo_default_tlbz PASSED [ 26%]
tests/test_tdpress.py::TestTDPressAdapter::test_status_mapping_empty PASSED [ 26%]
tests/test_tdpress.py::TestTDPressAdapter::test_status_mapping_known PASSED [ 26%]
tests/test_tdpress.py::TestTDPressAdapter::test_status_mapping_unknown_preserved PASSED [ 27%]
tests/test_tdpress.py::TestTDPressAdapter::test_timestamp_conversion_invalid PASSED [ 27%]
tests/test_tdpress.py::TestTDPressAdapter::test_timestamp_conversion_null PASSED [ 28%]
tests/test_tdpress.py::TestTDPressAdapter::test_timestamp_conversion_valid PASSED [ 28%]
tests/test_tdpress.py::TestTDPressAdapter::test_timestamp_cst_boundary PASSED [ 28%]
tests/test_ui_handlers_init.py::TestHandlersInit::test_all_classes_importable PASSED [ 29%]
tests/test_ui_handlers_init.py::TestHandlersInit::test_all_list_matches_imports PASSED [ 29%]
tests/test_ui_handlers_init.py::TestHandlersInit::test_settings_handler_is_class PASSED [ 30%]
tests/test_ui_handlers_init.py::TestHandlersInit::test_theme_handler_is_class PASSED [ 30%]
tests/test_ui_self_check.py::TestIsEnabled::test_disabled_for_non_1_value PASSED [ 30%]
tests/test_ui_self_check.py::TestIsEnabled::test_disabled_when_not_set PASSED [ 31%]
tests/test_ui_self_check.py::TestIsEnabled::test_disabled_when_set_to_0 PASSED [ 31%]
tests/test_ui_self_check.py::TestIsEnabled::test_enabled_when_set_to_1 PASSED [ 31%]
tests/test_ui_self_check.py::TestRunSelfCheck::test_all_fail_returns_false PASSED [ 32%]
tests/test_ui_self_check.py::TestRunSelfCheck::test_all_pass_returns_true PASSED [ 32%]
tests/test_ui_self_check.py::TestRunSelfCheck::test_disabled_returns_true_immediately PASSED [ 33%]
tests/test_ui_self_check.py::TestRunSelfCheck::test_one_fail_returns_false PASSED [ 33%]
tests/test_ui_self_check.py::TestCheckParsedResultsConsistency::test_all_handlers_same_id PASSED [ 33%]
tests/test_ui_self_check.py::TestCheckParsedResultsConsistency::test_different_id_returns_false PASSED [ 34%]
tests/test_ui_self_check.py::TestCheckParsedResultsConsistency::test_handler_without_parsed_results_skipped PASSED [ 34%]
tests/test_ui_self_check.py::TestCheckParsedResultsConsistency::test_missing_handler_skipped PASSED [ 34%]
tests/test_ui_self_check.py::TestCheckParsedResultsConsistency::test_no_core_skips PASSED [ 35%]
tests/test_ui_self_check.py::TestCheckCoreAttributes::test_all_handlers_present PASSED [ 35%]
tests/test_ui_self_check.py::TestCheckCoreAttributes::test_all_missing_returns_false PASSED [ 36%]
tests/test_ui_self_check.py::TestCheckCoreAttributes::test_missing_handler_returns_false PASSED [ 36%]
tests/test_ui_self_check.py::TestCheckCoreAttributes::test_no_core_skips PASSED [ 36%]
tests/test_ui_self_check.py::TestCheckMgrProxy::test_all_key_attrs_present PASSED [ 37%]
tests/test_ui_self_check.py::TestCheckMgrProxy::test_missing_attr_returns_false PASSED [ 37%]
tests/test_ui_self_check.py::TestCheckMgrProxy::test_multiple_missing_returns_false PASSED [ 38%]
tests/test_ui_self_check.py::TestCheckMgrProxy::test_no_mgr_skips PASSED [ 38%]
tests/test_unified_progress.py::TestBoundary::test_push_total_zero_does_not_throw PASSED [ 38%]
tests/test_unified_progress.py::TestBoundary::test_push_negative_total_does_not_throw PASSED [ 39%]
tests/test_unified_progress.py::TestBoundary::test_push_pct_negative_clamped_to_zero PASSED [ 39%]
tests/test_unified_progress.py::TestBoundary::test_push_pct_above_100_clamped PASSED [ 39%]
tests/test_unified_progress.py::TestBoundary::test_push_cur_exceeds_total_clamped_to_100 PASSED [ 40%]
tests/test_unified_progress.py::TestLifecycle::test_reset_emits_zero PASSED [ 40%]
tests/test_unified_progress.py::TestLifecycle::test_reset_after_push_emits_zero PASSED [ 41%]
tests/test_unified_progress.py::TestLifecycle::test_finish_emits_exact_100 PASSED [ 41%]
tests/test_unified_progress.py::TestLifecycle::test_finish_from_zero_emits_100 PASSED [ 41%]
tests/test_unified_progress.py::TestLifecycle::test_push_then_finish_ends_at_100 PASSED [ 42%]
tests/test_unified_progress.py::TestEasing::test_continuous_push_produces_smooth_increment PASSED [ 42%]
tests/test_unified_progress.py::TestEasing::test_push_pct_produces_smooth_output PASSED [ 42%]
tests/test_unified_progress.py::TestEasing::test_push_zero_target_stops_timer PASSED [ 43%]
tests/test_unified_progress.py::TestEasing::test_push_100_target_converges PASSED [ 43%]
tests/test_unified_progress.py::TestEasing::test_no_duplicate_emissions PASSED [ 44%]
tests/test_updater.py::TestIsNewerVersion::test_latest_equal_current PASSED [ 44%]
tests/test_updater.py::TestIsNewerVersion::test_latest_greater_than_current PASSED [ 44%]
tests/test_updater.py::TestIsNewerVersion::test_latest_less_than_current PASSED [ 45%]
tests/test_updater.py::TestIsNewerVersion::test_no_v_prefix_handled PASSED [ 45%]
tests/test_updater.py::TestIsNewerVersion::test_partial_version_treated_as_zero PASSED [ 46%]
tests/test_updater.py::TestExtractSha256FromBody::test_extract_case_insensitive PASSED [ 46%]
tests/test_updater.py::TestExtractSha256FromBody::test_extract_valid_sha256_line PASSED [ 46%]
tests/test_updater.py::TestExtractSha256FromBody::test_extract_when_no_sha256_line PASSED [ 47%]
tests/test_updater.py::TestVerifyChecksum::test_invalid_checksum_fails PASSED [ 47%]
tests/test_updater.py::TestVerifyChecksum::test_nonexistent_file_fails PASSED [ 47%]
tests/test_updater.py::TestVerifyChecksum::test_valid_checksum_passes PASSED [ 48%]
tests/test_updater.py::TestGenerateUpdateScript::test_empty_exe_dir_generates_script PASSED [ 48%]
tests/test_updater.py::TestGenerateUpdateScript::test_generates_bat_file PASSED [ 49%]
tests/test_updater.py::TestGenerateUpdateScript::test_script_contains_essential_commands PASSED [ 49%]
tests/test_updater.py::TestCheckLatestVersion::test_returns_none_on_network_error PASSED [ 49%]
tests/test_updater.py::TestCheckLatestVersion::test_returns_none_on_no_tag_name PASSED [ 50%]
tests/test_updater.py::TestCheckLatestVersion::test_returns_release_info_on_success PASSED [ 50%]
tests/test_updater.py::TestDownloadUpdate::test_download_network_error_returns_false PASSED [ 50%]
tests/test_updater.py::TestDownloadUpdate::test_download_success_returns_true PASSED [ 51%]
tests/test_user_service.py::TestUserService::test_hash_password_format PASSED [ 51%]
tests/test_user_service.py::TestUserService::test_hash_password_random_salt PASSED [ 52%]
tests/test_user_service.py::TestUserService::test_get_user_id_found PASSED [ 52%]
tests/test_user_service.py::TestUserService::test_get_user_id_not_found PASSED [ 52%]
tests/test_user_service.py::TestUserService::test_get_layout PASSED      [ 53%]
tests/test_user_service.py::TestUserService::test_save_layout PASSED     [ 53%]
tests/test_user_service.py::TestUserService::test_save_layout_empty PASSED [ 53%]
tests/test_user_service.py::TestUserService::test_delete_layout PASSED   [ 54%]
tests/test_user_service.py::TestUserService::test_get_user_by_id_found PASSED [ 54%]
tests/test_user_service.py::TestUserService::test_get_user_by_id_not_found PASSED [ 55%]
tests/test_user_service.py::TestUserService::test_get_preferences PASSED [ 55%]
tests/test_user_service.py::TestUserService::test_get_preference_found PASSED [ 55%]
tests/test_user_service.py::TestUserService::test_get_preference_not_found PASSED [ 56%]
tests/test_user_service.py::TestUserService::test_save_preference PASSED [ 56%]
tests/test_user_service.py::TestUserService::test_save_preferences_batch PASSED [ 57%]
tests/test_user_service.py::TestUserService::test_save_preferences_batch_empty PASSED [ 57%]
tests/test_user_service.py::TestUserService::test_delete_preference PASSED [ 57%]
tests/test_user_service.py::TestUserService::test_get_user_settings PASSED [ 58%]
tests/test_user_service.py::TestUserService::test_save_user_settings PASSED [ 58%]
tests/test_validity_checker.py::TestValidityChecker::test_check_standard_l3_history PASSED [ 58%]
tests/test_validity_checker.py::TestValidityChecker::test_get_due_empty PASSED [ 59%]
tests/test_validity_checker.py::TestValidityChecker::test_random_slice_covers_with_weeks PASSED [ 59%]
tests/test_validity_checker.py::TestValidityChecker::test_random_slice_deterministic PASSED [ 60%]
tests/test_validity_checker.py::TestValidityChecker::test_register_duplicate_noop PASSED [ 60%]
tests/test_validity_checker.py::TestValidityChecker::test_register_new_standard PASSED [ 60%]
tests/test_validity_checker.py::TestValidityChecker::test_status_summary PASSED [ 61%]
tests/test_validity_checker.py::TestValidityChecker::test_update_status_change_records_last_status PASSED [ 61%]
tests/test_validity_checker.py::TestValidityChecker::test_update_status_existing PASSED [ 61%]
tests/test_validity_checker.py::TestValidityChecker::test_update_status_new PASSED [ 62%]
tests/test_validity_checker.py::TestValidityChecker::test_update_status_sets_next_check PASSED [ 62%]
tests/test_validity_checker_full.py::TestInitAndEnsureColumn::test_pragma_raises_exception PASSED [ 63%]
tests/test_validity_checker_full.py::TestInitAndEnsureColumn::test_table_exists_with_column PASSED [ 63%]
tests/test_validity_checker_full.py::TestInitAndEnsureColumn::test_table_exists_without_column PASSED [ 63%]
tests/test_validity_checker_full.py::TestRegisterNewStandard::test_existing_standard_skip PASSED [ 64%]
tests/test_validity_checker_full.py::TestRegisterNewStandard::test_new_standard_insert PASSED [ 64%]
tests/test_validity_checker_full.py::TestRegisterNewStandard::test_notification_mgr_raises PASSED [ 65%]
tests/test_validity_checker_full.py::TestRegisterNewStandard::test_with_notification_mgr PASSED [ 65%]
tests/test_validity_checker_full.py::TestUpdateStatus::test_new_record_insert PASSED [ 65%]
tests/test_validity_checker_full.py::TestUpdateStatus::test_no_notification_mgr PASSED [ 66%]
tests/test_validity_checker_full.py::TestUpdateStatus::test_notification_raises_on_update PASSED [ 66%]
tests/test_validity_checker_full.py::TestUpdateStatus::test_status_changed PASSED [ 66%]
tests/test_validity_checker_full.py::TestUpdateStatus::test_status_unchanged PASSED [ 67%]
tests/test_validity_checker_full.py::TestGetDueStandards::test_has_results PASSED [ 67%]
tests/test_validity_checker_full.py::TestGetDueStandards::test_no_results PASSED [ 68%]
tests/test_validity_checker_full.py::TestCountDueStandards::test_cnt_zero PASSED [ 68%]
tests/test_validity_checker_full.py::TestCountDueStandards::test_has_due PASSED [ 68%]
tests/test_validity_checker_full.py::TestCountDueStandards::test_no_due_fetchone_none PASSED [ 69%]
tests/test_validity_checker_full.py::TestGetDueStandardsRandom::test_empty PASSED [ 69%]
tests/test_validity_checker_full.py::TestGetDueStandardsRandom::test_has_results PASSED [ 69%]
tests/test_validity_checker_full.py::TestGetDueStandardsRandom::test_limit_applied_in_sql PASSED [ 70%]
tests/test_validity_checker_full.py::TestRandomSlice::test_consistent_same_week PASSED [ 70%]
tests/test_validity_checker_full.py::TestRandomSlice::test_custom_batch_size PASSED [ 71%]
tests/test_validity_checker_full.py::TestRandomSlice::test_different_weeks PASSED [ 71%]
tests/test_validity_checker_full.py::TestRandomSlice::test_empty_list PASSED [ 71%]
tests/test_validity_checker_full.py::TestRandomSlice::test_normal_slice PASSED [ 72%]
tests/test_validity_checker_full.py::TestRandomSlice::test_original_not_modified PASSED [ 72%]
tests/test_validity_checker_full.py::TestRandomSlice::test_small_candidates PASSED [ 73%]
tests/test_validity_checker_full.py::TestCheckStandard::test_all_miss PASSED [ 73%]
tests/test_validity_checker_full.py::TestCheckStandard::test_l1_exception_falls_to_l2 PASSED [ 73%]
tests/test_validity_checker_full.py::TestCheckStandard::test_l1_hit_announcement_match PASSED [ 74%]
tests/test_validity_checker_full.py::TestCheckStandard::test_l1_hit_announcement_record PASSED [ 74%]
tests/test_validity_checker_full.py::TestCheckStandard::test_l2_hit_query_engine PASSED [ 74%]
tests/test_validity_checker_full.py::TestCheckStandard::test_l2_parse_failed_falls_to_l3 PASSED [ 75%]
tests/test_validity_checker_full.py::TestCheckStandard::test_l2_query_engine_raises_falls_to_l3 PASSED [ 75%]
tests/test_validity_checker_full.py::TestCheckStandard::test_l2_result_not_found_falls_to_l3 PASSED [ 76%]
tests/test_validity_checker_full.py::TestCheckStandard::test_l3_hit_standard_validity PASSED [ 76%]
tests/test_validity_checker_full.py::TestCheckStandard::test_no_query_engine_skips_l2 PASSED [ 76%]
tests/test_validity_checker_full.py::TestDetermineStatus::test_case_insensitive_obsolete PASSED [ 77%]
tests/test_validity_checker_full.py::TestDetermineStatus::test_empty_name_none PASSED [ 77%]
tests/test_validity_checker_full.py::TestDetermineStatus::test_keyword_abolished PASSED [ 77%]
tests/test_validity_checker_full.py::TestDetermineStatus::test_keyword_bei_dai_ti PASSED [ 78%]
tests/test_validity_checker_full.py::TestDetermineStatus::test_keyword_fei_zhi PASSED [ 78%]
tests/test_validity_checker_full.py::TestDetermineStatus::test_keyword_obsolete PASSED [ 79%]
tests/test_validity_checker_full.py::TestDetermineStatus::test_keyword_withdrawn PASSED [ 79%]
tests/test_validity_checker_full.py::TestDetermineStatus::test_keyword_zuo_fei PASSED [ 79%]
tests/test_validity_checker_full.py::TestDetermineStatus::test_missing_std_name_key PASSED [ 80%]
tests/test_validity_checker_full.py::TestDetermineStatus::test_name_no_keyword_active PASSED [ 80%]
tests/test_validity_checker_full.py::TestDetermineStatus::test_none_std_name PASSED [ 80%]
tests/test_validity_checker_full.py::TestGetStatusSummary::test_has_results PASSED [ 81%]
tests/test_validity_checker_full.py::TestGetStatusSummary::test_no_results PASSED [ 81%]
tests/test_validity_checker_full.py::TestSampleDueStandards::test_has_due PASSED [ 82%]
tests/test_validity_checker_full.py::TestSampleDueStandards::test_no_due PASSED [ 82%]
tests/test_validity_checker_full.py::TestSampleDueStandards::test_sample_size_min_one PASSED [ 82%]
tests/test_validity_checker_full.py::TestProcessValidityBatch::test_batch_interval_sleep PASSED [ 83%]
tests/test_validity_checker_full.py::TestProcessValidityBatch::test_batch_notification_at_10_changes PASSED [ 83%]
tests/test_validity_checker_full.py::TestProcessValidityBatch::test_check_standard_returns_none PASSED [ 84%]
tests/test_validity_checker_full.py::TestProcessValidityBatch::test_empty_candidates PASSED [ 84%]
tests/test_validity_checker_full.py::TestProcessValidityBatch::test_exception_adds_failed PASSED [ 84%]
tests/test_validity_checker_full.py::TestProcessValidityBatch::test_no_notification_mgr PASSED [ 85%]
tests/test_validity_checker_full.py::TestProcessValidityBatch::test_notification_raises_in_loop PASSED [ 85%]
tests/test_validity_checker_full.py::TestProcessValidityBatch::test_old_status_none_skips_change PASSED [ 85%]
tests/test_validity_checker_full.py::TestProcessValidityBatch::test_status_changed PASSED [ 86%]
tests/test_validity_checker_full.py::TestProcessValidityBatch::test_status_unchanged PASSED [ 86%]
tests/test_validity_checker_full.py::TestFinalizeValidityRound::test_adapter_raises PASSED [ 87%]
tests/test_validity_checker_full.py::TestFinalizeValidityRound::test_db_total_fetch_fails PASSED [ 87%]
tests/test_validity_checker_full.py::TestFinalizeValidityRound::test_no_adapter_mgr PASSED [ 87%]
tests/test_validity_checker_full.py::TestFinalizeValidityRound::test_round_complete PASSED [ 88%]
tests/test_validity_checker_full.py::TestFinalizeValidityRound::test_round_complete_notification_raises PASSED [ 88%]
tests/test_validity_checker_full.py::TestFinalizeValidityRound::test_round_complete_with_notification PASSED [ 88%]
tests/test_validity_checker_full.py::TestFinalizeValidityRound::test_round_not_complete PASSED [ 89%]
tests/test_validity_checker_full.py::TestFinalizeValidityRound::test_total_fetchone_returns_none PASSED [ 89%]
tests/test_validity_checker_full.py::TestFinalizeValidityRound::test_total_zero_skip_round_complete PASSED [ 90%]
tests/test_validity_checker_full.py::TestFinalizeValidityRound::test_update_counters_false PASSED [ 90%]
tests/test_validity_checker_full.py::TestRunValidityCheck::test_db_is_none_creates_new PASSED [ 90%]
tests/test_validity_checker_full.py::TestRunValidityCheck::test_exception_no_notification_mgr PASSED [ 91%]
tests/test_validity_checker_full.py::TestRunValidityCheck::test_exception_notification_raises PASSED [ 91%]
tests/test_validity_checker_full.py::TestRunValidityCheck::test_exception_sends_notification PASSED [ 92%]
tests/test_validity_checker_full.py::TestRunValidityCheck::test_no_candidates PASSED [ 92%]
tests/test_validity_checker_full.py::TestRunValidityCheck::test_success_notification_raises PASSED [ 92%]
tests/test_validity_checker_full.py::TestRunValidityCheck::test_with_adapter_mgr PASSED [ 93%]
tests/test_validity_checker_full.py::TestRunValidityCheck::test_with_candidates_success PASSED [ 93%]
tests/test_wps_utils.py::TestCleanWpsFulltext::test_compress_newlines PASSED [ 93%]
tests/test_wps_utils.py::TestCleanWpsFulltext::test_compress_spaces_to_newline PASSED [ 94%]
tests/test_wps_utils.py::TestCleanWpsFulltext::test_empty_string PASSED  [ 94%]
tests/test_wps_utils.py::TestCleanWpsFulltext::test_no_wps_markers PASSED [ 95%]
tests/test_wps_utils.py::TestCleanWpsFulltext::test_preserve_single_newline PASSED [ 95%]
tests/test_wps_utils.py::TestCleanWpsFulltext::test_remove_ascii_control_chars PASSED [ 95%]
tests/test_wps_utils.py::TestCleanWpsFulltext::test_remove_page_marker PASSED [ 96%]
tests/test_wps_utils.py::TestCleanWpsFulltext::test_remove_page_of PASSED [ 96%]
tests/test_wps_utils.py::TestSplitWpsEntries::test_already_line_separated PASSED [ 96%]
tests/test_wps_utils.py::TestSplitWpsEntries::test_below_seventy_percent_threshold PASSED [ 97%]
tests/test_wps_utils.py::TestSplitWpsEntries::test_empty_text PASSED     [ 97%]
tests/test_wps_utils.py::TestSplitWpsEntries::test_multi_entry_no_newlines PASSED [ 98%]
tests/test_wps_utils.py::TestSplitWpsEntries::test_multiple_matches_concatenated PASSED [ 98%]
tests/test_wps_utils.py::TestSplitWpsEntries::test_no_pattern_match PASSED [ 98%]
tests/test_wps_utils.py::TestSplitWpsEntries::test_short_segments_filtered PASSED [ 99%]
tests/test_wps_utils.py::TestSplitWpsEntries::test_single_entry PASSED   [ 99%]
tests/test_wps_utils.py::TestSplitWpsEntries::test_whitespace_only PASSED [100%]C:\Program Files\Python314\Lib\collections\__init__.py:455: ResourceWarning: unclosed database in <sqlite3.Connection object at 0x000001F4E3F457B0>
  result = tuple_new(cls, iterable)
ResourceWarning: Enable tracemalloc to get the object allocation traceback
C:\Program Files\Python314\Lib\collections\__init__.py:455: ResourceWarning: unclosed database in <sqlite3.Connection object at 0x000001F4E3CB9E40>
  result = tuple_new(cls, iterable)
ResourceWarning: Enable tracemalloc to get the object allocation traceback
C:\Program Files\Python314\Lib\collections\__init__.py:455: ResourceWarning: unclosed database in <sqlite3.Connection object at 0x000001F4E3CB98A0>
  result = tuple_new(cls, iterable)
ResourceWarning: Enable tracemalloc to get the object allocation traceback
C:\Program Files\Python314\Lib\collections\__init__.py:455: ResourceWarning: unclosed database in <sqlite3.Connection object at 0x000001F4E3CB9990>
  result = tuple_new(cls, iterable)
ResourceWarning: Enable tracemalloc to get the object allocation traceback
C:\Program Files\Python314\Lib\collections\__init__.py:455: ResourceWarning: unclosed database in <sqlite3.Connection object at 0x000001F4E3CB95D0>
  result = tuple_new(cls, iterable)
ResourceWarning: Enable tracemalloc to get the object allocation traceback


=============================== tests coverage ================================
_______________ coverage: platform win32, python 3.14.2-final-0 _______________

Name                                                     Stmts   Miss  Cover
----------------------------------------------------------------------------
pilotstd\__init__.py                                        12      2    83%
pilotstd\announcement\__init__.py                            4      0   100%
pilotstd\announcement\_attachment_parser.py                103     51    50%
pilotstd\announcement\_circuit_breaker.py                  119      7    94%
pilotstd\announcement\_content_cleaner.py                   97     10    90%
pilotstd\announcement\_raw_store.py                         19      0   100%
pilotstd\announcement\_wps_utils.py                         27      0   100%
pilotstd\announcement\adapters\__init__.py                   4      0   100%
pilotstd\announcement\adapters\samr_db.py                   14      3    79%
pilotstd\announcement\adapters\samr_gb.py                   14      3    79%
pilotstd\announcement\adapters\samr_hb.py                   14      3    79%
pilotstd\announcement\base.py                              184     29    84%
pilotstd\announcement\engine.py                             55     22    60%
pilotstd\announcement\matcher.py                           142      2    99%
pilotstd\announcement\monitor.py                            47      0   100%
pilotstd\announcement\ocr\__init__.py                       61      8    87%
pilotstd\announcement\ocr\_aliyun.py                        47     27    43%
pilotstd\announcement\ocr\_baidu.py                         61     42    31%
pilotstd\announcement\ocr\_base.py                         195    102    48%
pilotstd\announcement\ocr\_pdf_utils.py                     35     11    69%
pilotstd\announcement\ocr\_tencent.py                       71     48    32%
pilotstd\announcement\parser.py                            190     32    83%
pilotstd\cli\__init__.py                                     0      0   100%
pilotstd\cli\commands\__init__.py                          102      4    96%
pilotstd\cli\commands\__main__.py                            3      0   100%
pilotstd\cli\commands\_shared.py                            12      1    92%
pilotstd\cli\commands\announce.py                           36     31    14%
pilotstd\cli\commands\auto.py                                8      4    50%
pilotstd\cli\commands\download.py                           27     23    15%
pilotstd\cli\commands\expire.py                              9      0   100%
pilotstd\cli\commands\move.py                               22      8    64%
pilotstd\cli\commands\normalize.py                          15      9    40%
pilotstd\cli\commands\organize.py                           14      9    36%
pilotstd\cli\commands\pending.py                            21     15    29%
pilotstd\cli\commands\query.py                              44     38    14%
pilotstd\cli\commands\scan.py                               18      0   100%
pilotstd\cli\commands\task.py                               19     13    32%
pilotstd\constants\announce_types.py                         2      0   100%
pilotstd\core\__init__.py                                    7      0   100%
pilotstd\core\_file_index_query.py                          90      0   100%
pilotstd\core\_validity_pipeline.py                        117      4    97%
pilotstd\core\audit.py                                      40     24    40%
pilotstd\core\cache_manager.py                             170      0   100%
pilotstd\core\config\__init__.py                             5      0   100%
pilotstd\core\config\crypto.py                              36      4    89%
pilotstd\core\config\defaults.py                             2      0   100%
pilotstd\core\config\manager.py                            115     14    88%
pilotstd\core\config\migrate.py                             70     14    80%
pilotstd\core\config\paths.py                               51     26    49%
pilotstd\core\config\priority.py                            93      5    95%
pilotstd\core\config\service.py                             77     10    87%
pilotstd\core\config\settings_schema.py                     26      0   100%
pilotstd\core\context.py                                     6      0   100%
pilotstd\core\db\__init__.py                                 4      0   100%
pilotstd\core\db\_constants.py                              10      0   100%
pilotstd\core\db\_migrate_v2_v15.py                         77      0   100%
pilotstd\core\db\_migrate_v31_plus.py                       95      6    94%
pilotstd\core\db\_migrate_v37_plus.py                       59      8    86%
pilotstd\core\db\_migrate_v44.py                            17      2    88%
pilotstd\core\db\_migration_checksum.py                     68      9    87%
pilotstd\core\db\database.py                               240     58    76%
pilotstd\core\db\migrations.py                             241     46    81%
pilotstd\core\download_utils.py                             43      1    98%
pilotstd\core\export_utils.py                                6      0   100%
pilotstd\core\file_index.py                                103      3    97%
pilotstd\core\file_utils.py                                188     37    80%
pilotstd\core\frozen.py                                      3      0   100%
pilotstd\core\logger.py                                     98     19    81%
pilotstd\core\notification\__init__.py                       4      0   100%
pilotstd\core\notification\_builders_batch.py              109      0   100%
pilotstd\core\notification\_builders_system.py              91      0   100%
pilotstd\core\notification\_builders_validity.py            74      0   100%
pilotstd\core\notification\_credentials.py                  58      0   100%
pilotstd\core\notification\_format_utils.py                 84      0   100%
pilotstd\core\notification\_message_builders.py              7      0   100%
pilotstd\core\notification\_policy.py                       40      3    92%
pilotstd\core\notification\aggregate_buffer.py             150      0   100%
pilotstd\core\notification\blocks.py                        23      0   100%
pilotstd\core\notification\channel.py                       26      1    96%
pilotstd\core\notification\channels\__init__.py              5      0   100%
pilotstd\core\notification\channels\dingtalk.py             50      0   100%
pilotstd\core\notification\channels\feishu.py               33      0   100%
pilotstd\core\notification\channels\telegram.py             56      0   100%
pilotstd\core\notification\channels\wechat.py               30      0   100%
pilotstd\core\notification\desktop_formatter.py             24      0   100%
pilotstd\core\notification\events.py                        36      0   100%
pilotstd\core\notification\manager.py                      213     51    76%
pilotstd\core\notification\renderer.py                     171      0   100%
pilotstd\core\notification_aggregator.py                   127      8    94%
pilotstd\core\path_guard.py                                 22      4    82%
pilotstd\core\project.py                                    59     10    83%
pilotstd\core\security.py                                   36      2    94%
pilotstd\core\std_utils.py                                  97      3    97%
pilotstd\core\task_history.py                               59      6    90%
pilotstd\core\task_status.py                                47      7    85%
pilotstd\core\validity_checker.py                          110      0   100%
pilotstd\download\__init__.py                                6      0   100%
pilotstd\download\adapters\__init__.py                       3      0   100%
pilotstd\download\adapters\base.py                          17      3    82%
pilotstd\download\adapters\openstd_download.py             109     88    19%
pilotstd\download\engine.py                                198     34    83%
pilotstd\download\models.py                                 29      0   100%
pilotstd\download\session.py                                58      5    91%
pilotstd\i18n\__init__.py                                   35      5    86%
pilotstd\manager\__init__.py                                 8      0   100%
pilotstd\manager\_announce_fetch.py                        161    123    24%
pilotstd\manager\adapter_manager.py                         62     17    73%
pilotstd\manager\announce_service.py                        98     68    31%
pilotstd\manager\archive_retry_service.py                   50     18    64%
pilotstd\manager\classifier.py                             101     40    60%
pilotstd\manager\export_service.py                           8      4    50%
pilotstd\manager\facade\__init__.py                         52     37    29%
pilotstd\manager\facade\_auto.py                           115      8    93%
pilotstd\manager\facade\_base.py                           168      4    98%
pilotstd\manager\facade\_base_properties.py                143     17    88%
pilotstd\manager\facade\_core.py                            38     16    58%
pilotstd\manager\facade\_download.py                        80      1    99%
pilotstd\manager\facade\_file_index.py                      24     13    46%
pilotstd\manager\facade\_organize.py                       192     92    52%
pilotstd\manager\facade\_query.py                           63      2    97%
pilotstd\manager\facade\_query_exec.py                     129     18    86%
pilotstd\manager\facade\_query_report.py                    87      6    93%
pilotstd\manager\facade\_scan.py                           141     62    56%
pilotstd\manager\monitor_service.py                         35     22    37%
pilotstd\manager\organize\__init__.py                        8      0   100%
pilotstd\manager\organize\_utils.py                         14      0   100%
pilotstd\manager\organize\expire.py                         46     28    39%
pilotstd\manager\organize\mirror.py                        130     89    32%
pilotstd\manager\organize\organizer.py                     173     76    56%
pilotstd\manager\organizer_service.py                        2      0   100%
pilotstd\manager\pending_service.py                         85     18    79%
pilotstd\manager\quality_service.py                         11      0   100%
pilotstd\manager\scheduled_service.py                       92     57    38%
pilotstd\manager\service_factory.py                         20      0   100%
pilotstd\manager\settings_manager.py                        69      0   100%
pilotstd\manager\standard_service.py                        50      0   100%
pilotstd\manager\system_service.py                           8      4    50%
pilotstd\manager\user_service.py                            60      0   100%
pilotstd\manager\validity_service.py                        20     14    30%
pilotstd\manager\wechat_ip_service.py                       84     70    17%
pilotstd\models.py                                          64      1    98%
pilotstd\monitor\__init__.py                                 3      0   100%
pilotstd\monitor\config.py                                  87     55    37%
pilotstd\monitor\handler.py                                 53     39    26%
pilotstd\monitor\scheduler.py                               83     18    78%
pilotstd\organizer\__init__.py                               4      0   100%
pilotstd\organizer\dir_builder.py                           21      2    90%
pilotstd\organizer\industry_lookup.py                       65      0   100%
pilotstd\organizer\mover.py                                 32      0   100%
pilotstd\pipeline\__init__.py                                0      0   100%
pilotstd\pipeline\router.py                                196     66    66%
pilotstd\platform\__init__.py                                0      0   100%
pilotstd\platform\notify.py                                 55      5    91%
pilotstd\platform\updater.py                               112      8    93%
pilotstd\quality\__init__.py                                 2      0   100%
pilotstd\quality\models.py                                  15      0   100%
pilotstd\quality\rules\__init__.py                           0      0   100%
pilotstd\quality\rules\stale_references.py                  25      0   100%
pilotstd\quality\runner.py                                  23      0   100%
pilotstd\query\__init__.py                                  70     24    66%
pilotstd\query\adapters\__init__.py                         22      0   100%
pilotstd\query\adapters\_njbz365_session.py                120      3    98%
pilotstd\query\adapters\ahbz.py                             79     10    87%
pilotstd\query\adapters\base.py                            125     12    90%
pilotstd\query\adapters\ccsn.py                            121     15    88%
pilotstd\query\adapters\csres.py                           183     96    48%
pilotstd\query\adapters\cssn.py                             71      6    92%
pilotstd\query\adapters\dbba.py                             47      4    91%
pilotstd\query\adapters\energy.py                           93      7    92%
pilotstd\query\adapters\gongbiaoku.py                       69      3    96%
pilotstd\query\adapters\hbba.py                             91     13    86%
pilotstd\query\adapters\iso_gov.py                          58      7    88%
pilotstd\query\adapters\jjg.py                              74      5    93%
pilotstd\query\adapters\jtst.py                             86      5    94%
pilotstd\query\adapters\mee.py                              84      5    94%
pilotstd\query\adapters\miit.py                             62      5    92%
pilotstd\query\adapters\mock.py                             18      8    56%
pilotstd\query\adapters\ncha.py                             79      8    90%
pilotstd\query\adapters\njbz365.py                          84      9    89%
pilotstd\query\adapters\nrsis.py                           108      8    93%
pilotstd\query\adapters\registry.py                         38      4    89%
pilotstd\query\adapters\sppt.py                             64      6    91%
pilotstd\query\adapters\sppt_local.py                       85      8    91%
pilotstd\query\adapters\std_gov.py                         118     36    69%
pilotstd\query\adapters\tdpress.py                          67      3    96%
pilotstd\query\adapters\ttbz.py                             73      7    90%
pilotstd\query\cache.py                                     63      2    97%
pilotstd\query\daily_quota.py                               69      8    88%
pilotstd\query\engine\__init__.py                           81     19    77%
pilotstd\query\engine\_batch.py                             69     14    80%
pilotstd\query\engine\_batch_dispatch.py                   177     24    86%
pilotstd\query\engine\_constants.py                         17      1    94%
pilotstd\query\engine\_core.py                              61     22    64%
pilotstd\query\engine\_core_types.py                        36      7    81%
pilotstd\query\engine\_csres.py                             63     12    81%
pilotstd\query\engine\_metrics.py                           80     25    69%
pilotstd\query\engine\_mini_bucket.py                      159     38    76%
pilotstd\query\engine\_overflow.py                          95     25    74%
pilotstd\query\engine\_report.py                            84      2    98%
pilotstd\query\engine\_routing.py                          129     67    48%
pilotstd\query\engine\_single.py                            99      8    92%
pilotstd\query\models.py                                    33      0   100%
pilotstd\query\network.py                                   76     21    72%
pilotstd\query\rotator.py                                  226     88    61%
pilotstd\query\routing\__init__.py                           2      0   100%
pilotstd\query\routing\scorer.py                           104      4    96%
pilotstd\query\search_strategy.py                          125     19    85%
pilotstd\query\site_config.py                               13      0   100%
pilotstd\scan\__init__.py                                    3      0   100%
pilotstd\scan\edition_detect.py                             25      1    96%
pilotstd\scan\filename_normalizer.py                         7      0   100%
pilotstd\scan\lang_detect.py                                 9      0   100%
pilotstd\scan\parser\__init__.py                            87      0   100%
pilotstd\scan\parser\_constants.py                          30      0   100%
pilotstd\scan\parser\_core.py                               36      9    75%
pilotstd\scan\parser\_exact.py                             146     13    91%
pilotstd\scan\parser\_file_kind_detector.py                  7      1    86%
pilotstd\scan\parser\_foreign.py                            97     30    69%
pilotstd\scan\parser\_language_detector.py                   5      0   100%
pilotstd\scan\parser\_number_extractor.py                   43      7    84%
pilotstd\scan\parser\_result_builder.py                     81      0   100%
pilotstd\scan\parser\_text_cleaner.py                       12      0   100%
pilotstd\scan\parser\_utils.py                               1      0   100%
pilotstd\scan\scanner.py                                   120     48    60%
pilotstd\scan\watcher.py                                    82      4    95%
pilotstd\task\__init__.py                                    3      0   100%
pilotstd\task\models.py                                     54      0   100%
pilotstd\task\pipeline_store.py                             27     12    56%
pilotstd\task\queue.py                                     120     10    92%
pilotstd\task\scheduler.py                                  51     37    27%
pilotstd\tasks\__init__.py                                   0      0   100%
pilotstd\tasks\date_reminder.py                             68      0   100%
pilotstd\tasks\favorite_download.py                        113     29    74%
pilotstd\ui\__init__.py                                      3      0   100%
pilotstd\ui\core\__init__.py                                 0      0   100%
pilotstd\ui\core\_core.py                                   84     84     0%
pilotstd\ui\core\_core_adapters.py                          63     63     0%
pilotstd\ui\core\_core_init_query.py                        16     16     0%
pilotstd\ui\core\_self_check.py                             77      0   100%
pilotstd\ui\core\event_bus.py                               88     65    26%
pilotstd\ui\core\handlers\__init__.py                       13      0   100%
pilotstd\ui\core\handlers\_announce.py                     108     86    20%
pilotstd\ui\core\handlers\_archive.py                      190    164    14%
pilotstd\ui\core\handlers\_auto.py                         164    138    16%
pilotstd\ui\core\handlers\_cleanup.py                      219    189    14%
pilotstd\ui\core\handlers\_dialog.py                       121    106    12%
pilotstd\ui\core\handlers\_download.py                     186    156    16%
pilotstd\ui\core\handlers\_export.py                       122    105    14%
pilotstd\ui\core\handlers\_file_dialog.py                   41     28    32%
pilotstd\ui\core\handlers\_file_tree.py                    176    156    11%
pilotstd\ui\core\handlers\_persistence.py                   60     42    30%
pilotstd\ui\core\handlers\_project.py                       57     41    28%
pilotstd\ui\core\handlers\_query.py                        196    165    16%
pilotstd\ui\core\handlers\_query_summary.py                201    178    11%
pilotstd\ui\core\handlers\_scan.py                         142    118    17%
pilotstd\ui\core\handlers\_settings.py                     329    299     9%
pilotstd\ui\core\handlers\_settings_io.py                  214    196     8%
pilotstd\ui\core\handlers\_table.py                        114     92    19%
pilotstd\ui\core\handlers\_table_helper.py                 160    138    14%
pilotstd\ui\core\handlers\_theme.py                         90     73    19%
pilotstd\ui\core\handlers\_ui_layout.py                     86     74    14%
pilotstd\ui\core\handlers\_ui_setup.py                      69     48    30%
pilotstd\ui\core\handlers\_ui_toolbar.py                    90     81    10%
pilotstd\ui\core\handlers\actions_flow_engine.py            17      6    65%
pilotstd\ui\core\handlers\announce_flow_engine.py           41     30    27%
pilotstd\ui\core\handlers\archive_flow_engine.py            55     32    42%
pilotstd\ui\core\handlers\archive_worker_factory.py         30     20    33%
pilotstd\ui\core\handlers\auto_flow_engine.py               18     12    33%
pilotstd\ui\core\handlers\cleanup_flow_engine.py            41     30    27%
pilotstd\ui\core\handlers\dialog_flow_engine.py             28     15    46%
pilotstd\ui\core\handlers\download_flow_engine.py          100     78    22%
pilotstd\ui\core\handlers\file_tree_flow_engine.py          34     34     0%
pilotstd\ui\core\handlers\persistence_flow_engine.py        48     26    46%
pilotstd\ui\core\handlers\project_flow_engine.py            25     14    44%
pilotstd\ui\core\handlers\protocols.py                      38      0   100%
pilotstd\ui\core\handlers\query_flow_engine.py              87     53    39%
pilotstd\ui\core\handlers\query_summary_flow_engine.py      38     21    45%
pilotstd\ui\core\handlers\query_worker_factory.py           17     17     0%
pilotstd\ui\core\handlers\scan_flow_engine.py               92     76    17%
pilotstd\ui\core\handlers\settings_io_flow_engine.py        91     51    44%
pilotstd\ui\core\handlers\table_flow_engine.py              25     14    44%
pilotstd\ui\core\handlers\table_helper_flow_engine.py       20     13    35%
pilotstd\ui\core\handlers\toolbar_flow_engine.py            25     25     0%
pilotstd\ui\core\unified_progress.py                        45      0   100%
pilotstd\ui\dialogs.py                                      43     34    21%
pilotstd\ui\drive_enumerator.py                             11      7    36%
pilotstd\ui\main_window\__init__.py                        106     66    38%
pilotstd\ui\main_window\_window_lifecycle.py                79     63    20%
pilotstd\ui\main_window\parts\__init__.py                    0      0   100%
pilotstd\ui\main_window\parts\_actions_ops.py              161    121    25%
pilotstd\ui\main_window\parts\_delegate_ops.py              48     34    29%
pilotstd\ui\main_window\parts\_dialog_ops.py                79     68    14%
pilotstd\ui\main_window\parts\_download_ops.py              29     22    24%
pilotstd\ui\main_window\parts\_export_ops.py               101     86    15%
pilotstd\ui\main_window\parts\_file_dialog_ops.py           34     25    26%
pilotstd\ui\main_window\parts\_file_tree_ops.py            187    167    11%
pilotstd\ui\main_window\parts\_persistence_ops.py           87     68    22%
pilotstd\ui\main_window\parts\_query_ops.py                109     94    14%
pilotstd\ui\main_window\parts\_run_main.py                   6      0   100%
pilotstd\ui\main_window\parts\_table_io.py                  72     60    17%
pilotstd\ui\main_window\parts\_table_ops.py                182    158    13%
pilotstd\ui\main_window\parts\_theme_ops.py                 85     70    18%
pilotstd\ui\main_window\parts\_ui_setup_ops.py             239    218     9%
pilotstd\ui\pages\__init__.py                                0      0   100%
pilotstd\ui\pages\rules_page.py                            174    174     0%
pilotstd\ui\pages\settings\__init__.py                       2      2     0%
pilotstd\ui\pages\settings\_core.py                         28     28     0%
pilotstd\ui\pages\settings\_dialog.py                       25     25     0%
pilotstd\ui\pages\settings_page.py                           1      1     0%
pilotstd\ui\pages\task_page.py                              72     72     0%
pilotstd\ui\pending_query_dialog.py                        224    195    13%
pilotstd\ui\table_constants.py                               3      0   100%
pilotstd\ui\themes.py                                       27     27     0%
pilotstd\ui\welcome_dialog.py                               26     18    31%
pilotstd\ui\widgets\__init__.py                              0      0   100%
pilotstd\ui\workers.py                                       9      9     0%
pilotstd\ui\workers\__init__.py                              9      0   100%
pilotstd\ui\workers\_common.py                             104     70    33%
pilotstd\ui\workers\announce.py                             39     30    23%
pilotstd\ui\workers\archive.py                              77     56    27%
pilotstd\ui\workers\auto.py                                 30     13    57%
pilotstd\ui\workers\download.py                             43     32    26%
pilotstd\ui\workers\normalize.py                            31     20    35%
pilotstd\ui\workers\query.py                                65     50    23%
pilotstd\ui\workers\scan.py                                 46     32    30%
pilotstd\ui\workers\update_download.py                      35     35     0%
pilotstd\wechat_ip\__init__.py                               0      0   100%
pilotstd\wechat_ip\browser.py                              134    107    20%
pilotstd\wechat_ip\config.py                                22      2    91%
pilotstd\wechat_ip\cookie_mgr.py                            95     68    28%
pilotstd\wechat_ip\detector.py                              44      5    89%
pilotstd\wechat_ip\scheduler.py                            101     79    22%
----------------------------------------------------------------------------
TOTAL                                                    22582   9098    60%
Required test coverage of 51.0% reached. Total coverage: 59.71%
============================ 263 passed in 52.13s =============================
